Log file open, 02/02/20 11:56:11
LogWindows: Failed to load 'aqProf.dll' (GetLastError=126)
LogWindows: File 'aqProf.dll' does not exist
LogWindows: Failed to load 'VtuneApi.dll' (GetLastError=126)
LogWindows: File 'VtuneApi.dll' does not exist
LogWindows: Failed to load 'VtuneApi32e.dll' (GetLastError=126)
LogWindows: File 'VtuneApi32e.dll' does not exist
LogConsoleResponse: Display: Failed to find resolution value strings in scalability ini. Falling back to default.
LogInit: Display: Running engine for game: GameJam2020
LogPlatformFile: Not using cached read wrapper
LogTaskGraph: Started task graph with 5 named threads and 23 total threads with 3 sets of task threads.
LogStats: Stats thread started at 0.129083
LogD3D11RHI: Loaded GFSDK_Aftermath_Lib.x64.dll
LogICUInternationalization: ICU TimeZone Detection - Raw Offset: -8:00, Platform Override: ''
LogPluginManager: Mounting plugin Paper2D
LogPluginManager: Mounting plugin AISupport
LogPluginManager: Mounting plugin LightPropagationVolume
LogPluginManager: Mounting plugin ActorLayerUtilities
LogPluginManager: Mounting plugin AnimationSharing
LogPluginManager: Mounting plugin CLionSourceCodeAccess
LogPluginManager: Mounting plugin CodeLiteSourceCodeAccess
LogPluginManager: Mounting plugin GitSourceControl
LogPluginManager: Mounting plugin KDevelopSourceCodeAccess
LogPluginManager: Mounting plugin NullSourceCodeAccess
LogPluginManager: Mounting plugin PerforceSourceControl
LogPluginManager: Mounting plugin SubversionSourceControl
LogPluginManager: Mounting plugin UObjectPlugin
LogPluginManager: Mounting plugin VisualStudioCodeSourceCodeAccess
LogPluginManager: Mounting plugin VisualStudioSourceCodeAccess
LogPluginManager: Mounting plugin XCodeSourceCodeAccess
LogPluginManager: Mounting plugin AssetManagerEditor
LogPluginManager: Mounting plugin CryptoKeys
LogPluginManager: Mounting plugin CurveEditorTools
LogPluginManager: Mounting plugin DataValidation
LogPluginManager: Mounting plugin FacialAnimation
LogPluginManager: Mounting plugin GameplayTagsEditor
LogPluginManager: Mounting plugin MacGraphicsSwitching
LogPluginManager: Mounting plugin MaterialAnalyzer
LogPluginManager: Mounting plugin MobileLauncherProfileWizard
LogPluginManager: Mounting plugin PluginBrowser
LogPluginManager: Mounting plugin SpeedTreeImporter
LogPluginManager: Mounting plugin DatasmithContent
LogPluginManager: Mounting plugin VariantManagerContent
LogPluginManager: Mounting plugin AlembicImporter
LogPluginManager: Mounting plugin AutomationUtils
LogPluginManager: Mounting plugin BackChannel
LogPluginManager: Mounting plugin CharacterAI
LogPluginManager: Mounting plugin GeometryCache
LogPluginManager: Mounting plugin HTML5Networking
LogPluginManager: Mounting plugin PlatformCrypto
LogPluginManager: Mounting plugin ProxyLODPlugin
LogPluginManager: Mounting plugin SkeletalReduction
LogPluginManager: Mounting plugin MagicLeap
LogPluginManager: Mounting plugin MagicLeapMedia
LogPluginManager: Mounting plugin AndroidMedia
LogPluginManager: Mounting plugin AvfMedia
LogPluginManager: Mounting plugin ImgMedia
LogPluginManager: Mounting plugin MediaCompositing
LogPluginManager: Mounting plugin MediaPlayerEditor
LogPluginManager: Mounting plugin WebMMedia
LogPluginManager: Mounting plugin WmfMedia
LogPluginManager: Mounting plugin TcpMessaging
LogPluginManager: Mounting plugin UdpMessaging
LogPluginManager: Mounting plugin ActorSequence
LogPluginManager: Mounting plugin LevelSequenceEditor
LogPluginManager: Mounting plugin MatineeToLevelSequence
LogPluginManager: Mounting plugin NetcodeUnitTest
LogPluginManager: Mounting plugin NUTUnrealEngine4
LogPluginManager: Mounting plugin OnlineSubsystemGooglePlay
LogPluginManager: Mounting plugin OnlineSubsystemIOS
LogPluginManager: Mounting plugin OnlineSubsystem
LogPluginManager: Mounting plugin OnlineSubsystemNull
LogPluginManager: Mounting plugin OnlineSubsystemUtils
LogPluginManager: Mounting plugin LauncherChunkInstaller
LogPluginManager: Mounting plugin AndroidDeviceProfileSelector
LogPluginManager: Mounting plugin AndroidMoviePlayer
LogPluginManager: Mounting plugin AndroidPermission
LogPluginManager: Mounting plugin AppleImageUtils
LogPluginManager: Mounting plugin AppleMoviePlayer
LogPluginManager: Mounting plugin ArchVisCharacter
LogPluginManager: Mounting plugin AudioCapture
LogPluginManager: Mounting plugin CableComponent
LogPluginManager: Mounting plugin CustomMeshComponent
LogPluginManager: Mounting plugin EditableMesh
LogPluginManager: Mounting plugin ExampleDeviceProfileSelector
LogPluginManager: Mounting plugin GoogleCloudMessaging
LogPluginManager: Mounting plugin IOSDeviceProfileSelector
LogPluginManager: Mounting plugin LinuxDeviceProfileSelector
LogPluginManager: Mounting plugin LocationServicesBPLibrary
LogPluginManager: Mounting plugin MobilePatchingUtils
LogPluginManager: Mounting plugin OculusVR
LogPluginManager: Mounting plugin PhysXVehicles
LogPluginManager: Mounting plugin ProceduralMeshComponent
LogPluginManager: Mounting plugin RuntimePhysXCooking
LogPluginManager: Mounting plugin SignificanceManager
LogPluginManager: Mounting plugin SteamAudio
LogPluginManager: Mounting plugin SteamVR
LogPluginManager: Mounting plugin WebMMoviePlayer
LogPluginManager: Mounting plugin WindowsMoviePlayer
LogPluginManager: Mounting plugin ScreenshotTools
LogInit: Using libcurl 7.55.1-DEV
LogInit:  - built for x86_64-pc-win32
LogInit:  - supports SSL with OpenSSL/1.1.1
LogInit:  - supports HTTP deflate (compression) using libz 1.2.8
LogInit:  - other features:
LogInit:      CURL_VERSION_SSL
LogInit:      CURL_VERSION_LIBZ
LogInit:      CURL_VERSION_IPV6
LogInit:      CURL_VERSION_ASYNCHDNS
LogInit:      CURL_VERSION_LARGEFILE
LogInit:      CURL_VERSION_IDN
LogInit:  CurlRequestOptions (configurable via config and command line):
LogInit:  - bVerifyPeer = true  - Libcurl will verify peer certificate
LogInit:  - bUseHttpProxy = false  - Libcurl will NOT use HTTP proxy
LogInit:  - bDontReuseConnections = false  - Libcurl will reuse connections
LogInit:  - MaxHostConnections = 16  - Libcurl will limit the number of connections to a host
LogInit:  - LocalHostAddr = Default
LogInit:  - BufferSize = 65536
LogOnline: OSS: Creating online subsystem instance for: NULL
LogInit: WinSock: version 1.1 (2.2), MaxSocks=32767, MaxUdp=65467
LogInit: Build: ++UE4+Release-4.23-CL-9631420
LogInit: Engine Version: 4.23.1-9631420+++UE4+Release-4.23
LogInit: Compatible Engine Version: 4.23.0-8386587+++UE4+Release-4.23
LogInit: Net CL: 8386587
LogInit: OS: Windows 10 (Release 1809) (), CPU: Intel(R) Xeon(R) CPU E5-1620 v3 @ 3.50GHz, GPU: NVIDIA Quadro K4200
LogInit: Compiled (64-bit): Oct 18 2019 02:07:44
LogInit: Compiled with Visual C++: 19.16.27030.01
LogInit: Build Configuration: Development
LogInit: Branch Name: ++UE4+Release-4.23
LogInit: Command Line: 
LogInit: Base Directory: C:/Program Files/Epic Games/UE_4.23/Engine/Binaries/Win64/
LogInit: Installed Engine Build: 1
LogDevObjectVersion: Number of dev versions registered: 23
LogDevObjectVersion:   Dev-Blueprints (B0D832E4-1F89-4F0D-ACCF-7EB736FD4AA2): 10
LogDevObjectVersion:   Dev-Build (E1C64328-A22C-4D53-A36C-8E866417BD8C): 0
LogDevObjectVersion:   Dev-Core (375EC13C-06E4-48FB-B500-84F0262A717E): 3
LogDevObjectVersion:   Dev-Editor (E4B068ED-F494-42E9-A231-DA0B2E46BB41): 34
LogDevObjectVersion:   Dev-Framework (CFFC743F-43B0-4480-9391-14DF171D2073): 35
LogDevObjectVersion:   Dev-Mobile (B02B49B5-BB20-44E9-A304-32B752E40360): 2
LogDevObjectVersion:   Dev-Networking (A4E4105C-59A1-49B5-A7C5-40C4547EDFEE): 0
LogDevObjectVersion:   Dev-Online (39C831C9-5AE6-47DC-9A44-9C173E1C8E7C): 0
LogDevObjectVersion:   Dev-Physics (78F01B33-EBEA-4F98-B9B4-84EACCB95AA2): 0
LogDevObjectVersion:   Dev-Platform (6631380F-2D4D-43E0-8009-CF276956A95A): 0
LogDevObjectVersion:   Dev-Rendering (12F88B9F-8875-4AFC-A67C-D90C383ABD29): 31
LogDevObjectVersion:   Dev-Sequencer (7B5AE74C-D270-4C10-A958-57980B212A5A): 11
LogDevObjectVersion:   Dev-VR (D7296918-1DD6-4BDD-9DE2-64A83CC13884): 2
LogDevObjectVersion:   Dev-LoadTimes (C2A15278-BFE7-4AFE-6C17-90FF531DF755): 1
LogDevObjectVersion:   Private-Geometry (6EACA3D4-40EC-4CC1-B786-8BED09428FC5): 3
LogDevObjectVersion:   Dev-AnimPhys (29E575DD-E0A3-4627-9D10-D276232CDCEA): 17
LogDevObjectVersion:   Dev-Anim (AF43A65D-7FD3-4947-9873-3E8ED9C1BB05): 2
LogDevObjectVersion:   Dev-ReflectionCapture (6B266CEC-1EC7-4B8F-A30B-E4D90942FC07): 1
LogDevObjectVersion:   Dev-Automation (0DF73D61-A23F-47EA-B727-89E90C41499A): 1
LogDevObjectVersion:   FortniteMain (601D1886-AC64-4F84-AA16-D3DE0DEAC7D6): 27
LogDevObjectVersion:   Dev-Enterprise (9DFFBCD6-494F-0158-E221-12823C92A888): 6
LogDevObjectVersion:   Dev-Niagara (F2AED0AC-9AFE-416F-8664-AA7FFA26D6FC): 1
LogDevObjectVersion:   Dev-Destruction (174F1F0B-B4C6-45A5-B13F-2EE8D0FB917D): 9
LogInit: Presizing for max 16777216 objects, including 0 objects not considered by GC, pre-allocating 0 bytes for permanent pool.
LogInit: Object subsystem initialized
LogConfig: Setting CVar [[con.DebugEarlyDefault:1]]
LogConfig: Setting CVar [[r.setres:1280x720]]
[2020.02.02-19.56.12:303][  0]LogConfig: Setting CVar [[r.VSync:0]]
[2020.02.02-19.56.12:303][  0]LogConfig: Setting CVar [[r.RHICmdBypass:0]]
[2020.02.02-19.56.12:303][  0]LogConfig: Applying CVar settings from Section [/Script/Engine.RendererSettings] File [C:/Users/usman.baig/Documents/GitHub/GameJam2020/GameJam2020/Saved/Config/Windows/Engine.ini]
[2020.02.02-19.56.12:303][  0]LogConfig: Setting CVar [[r.GPUCrashDebugging:0]]
[2020.02.02-19.56.12:303][  0]LogConfig: Setting CVar [[r.DefaultFeature.AmbientOcclusion:0]]
[2020.02.02-19.56.12:303][  0]LogConfig: Setting CVar [[r.DefaultFeature.AmbientOcclusionStaticFraction:0]]
[2020.02.02-19.56.12:303][  0]LogConfig: Setting CVar [[vr.InstancedStereo:1]]
[2020.02.02-19.56.12:303][  0]LogConfig: Setting CVar [[r.SeparateTranslucency:0]]
[2020.02.02-19.56.12:303][  0]LogConfig: Setting CVar [[r.HZBOcclusion:0]]
[2020.02.02-19.56.12:303][  0]LogConfig: Setting CVar [[r.SSR.MaxRoughness:0]]
[2020.02.02-19.56.12:303][  0]LogConfig: Setting CVar [[r.rhicmdbypass:0]]
[2020.02.02-19.56.12:303][  0]LogConfig: Applying CVar settings from Section [/Script/Engine.RendererOverrideSettings] File [C:/Users/usman.baig/Documents/GitHub/GameJam2020/GameJam2020/Saved/Config/Windows/Engine.ini]
[2020.02.02-19.56.12:303][  0]LogConfig: Applying CVar settings from Section [/Script/Engine.StreamingSettings] File [C:/Users/usman.baig/Documents/GitHub/GameJam2020/GameJam2020/Saved/Config/Windows/Engine.ini]
[2020.02.02-19.56.12:303][  0]LogConfig: Setting CVar [[s.MinBulkDataSizeForAsyncLoading:131072]]
[2020.02.02-19.56.12:303][  0]LogConfig: Setting CVar [[s.AsyncLoadingThreadEnabled:0]]
[2020.02.02-19.56.12:303][  0]LogConfig: Setting CVar [[s.EventDrivenLoaderEnabled:1]]
[2020.02.02-19.56.12:303][  0]LogConfig: Setting CVar [[s.WarnIfTimeLimitExceeded:0]]
[2020.02.02-19.56.12:303][  0]LogConfig: Setting CVar [[s.TimeLimitExceededMultiplier:1.5]]
[2020.02.02-19.56.12:303][  0]LogConfig: Setting CVar [[s.TimeLimitExceededMinTime:0.005]]
[2020.02.02-19.56.12:303][  0]LogConfig: Setting CVar [[s.UseBackgroundLevelStreaming:1]]
[2020.02.02-19.56.12:303][  0]LogConfig: Setting CVar [[s.PriorityAsyncLoadingExtraTime:15.0]]
[2020.02.02-19.56.12:303][  0]LogConfig: Setting CVar [[s.LevelStreamingActorsUpdateTimeLimit:5.0]]
[2020.02.02-19.56.12:303][  0]LogConfig: Setting CVar [[s.PriorityLevelStreamingActorsUpdateExtraTime:5.0]]
[2020.02.02-19.56.12:303][  0]LogConfig: Setting CVar [[s.LevelStreamingComponentsRegistrationGranularity:10]]
[2020.02.02-19.56.12:303][  0]LogConfig: Setting CVar [[s.UnregisterComponentsTimeLimit:1.0]]
[2020.02.02-19.56.12:303][  0]LogConfig: Setting CVar [[s.LevelStreamingComponentsUnregistrationGranularity:5]]
[2020.02.02-19.56.12:303][  0]LogConfig: Applying CVar settings from Section [/Script/Engine.GarbageCollectionSettings] File [C:/Users/usman.baig/Documents/GitHub/GameJam2020/GameJam2020/Saved/Config/Windows/Engine.ini]
[2020.02.02-19.56.12:303][  0]LogConfig: Setting CVar [[gc.MaxObjectsNotConsideredByGC:1]]
[2020.02.02-19.56.12:303][  0]LogConfig: Setting CVar [[gc.SizeOfPermanentObjectPool:0]]
[2020.02.02-19.56.12:303][  0]LogConfig: Setting CVar [[gc.FlushStreamingOnGC:0]]
[2020.02.02-19.56.12:303][  0]LogConfig: Setting CVar [[gc.NumRetriesBeforeForcingGC:10]]
[2020.02.02-19.56.12:303][  0]LogConfig: Setting CVar [[gc.AllowParallelGC:1]]
[2020.02.02-19.56.12:303][  0]LogConfig: Setting CVar [[gc.TimeBetweenPurgingPendingKillObjects:61.1]]
[2020.02.02-19.56.12:304][  0]LogConfig: Setting CVar [[gc.MaxObjectsInEditor:16777216]]
[2020.02.02-19.56.12:304][  0]LogConfig: Setting CVar [[gc.IncrementalBeginDestroyEnabled:1]]
[2020.02.02-19.56.12:304][  0]LogConfig: Setting CVar [[gc.CreateGCClusters:1]]
[2020.02.02-19.56.12:304][  0]LogConfig: Setting CVar [[gc.MinGCClusterSize:5]]
[2020.02.02-19.56.12:304][  0]LogConfig: Setting CVar [[gc.ActorClusteringEnabled:0]]
[2020.02.02-19.56.12:304][  0]LogConfig: Setting CVar [[gc.BlueprintClusteringEnabled:0]]
[2020.02.02-19.56.12:304][  0]LogConfig: Setting CVar [[gc.UseDisregardForGCOnDedicatedServers:0]]
[2020.02.02-19.56.12:304][  0]LogConfig: Applying CVar settings from Section [/Script/Engine.NetworkSettings] File [C:/Users/usman.baig/Documents/GitHub/GameJam2020/GameJam2020/Saved/Config/Windows/Engine.ini]
[2020.02.02-19.56.12:304][  0]LogConfig: Applying CVar settings from Section [/Script/UnrealEd.CookerSettings] File [C:/Users/usman.baig/Documents/GitHub/GameJam2020/GameJam2020/Saved/Config/Windows/Engine.ini]
[2020.02.02-19.56.12:308][  0]LogConfig: Applying CVar settings from Section [ViewDistanceQuality@3] File [C:/Users/usman.baig/Documents/GitHub/GameJam2020/GameJam2020/Saved/Config/Windows/Scalability.ini]
[2020.02.02-19.56.12:308][  0]LogConfig: Setting CVar [[r.SkeletalMeshLODBias:0]]
[2020.02.02-19.56.12:308][  0]LogConfig: Setting CVar [[r.ViewDistanceScale:1.0]]
[2020.02.02-19.56.12:308][  0]LogConfig: Applying CVar settings from Section [AntiAliasingQuality@3] File [C:/Users/usman.baig/Documents/GitHub/GameJam2020/GameJam2020/Saved/Config/Windows/Scalability.ini]
[2020.02.02-19.56.12:308][  0]LogConfig: Setting CVar [[r.PostProcessAAQuality:3]]
[2020.02.02-19.56.12:308][  0]LogConfig: Applying CVar settings from Section [ShadowQuality@3] File [C:/Users/usman.baig/Documents/GitHub/GameJam2020/GameJam2020/Saved/Config/Windows/Scalability.ini]
[2020.02.02-19.56.12:308][  0]LogConfig: Setting CVar [[r.LightFunctionQuality:1]]
[2020.02.02-19.56.12:308][  0]LogConfig: Setting CVar [[r.ShadowQuality:5]]
[2020.02.02-19.56.12:308][  0]LogConfig: Setting CVar [[r.Shadow.CSM.MaxCascades:10]]
[2020.02.02-19.56.12:308][  0]LogConfig: Setting CVar [[r.Shadow.MaxResolution:2048]]
[2020.02.02-19.56.12:308][  0]LogConfig: Setting CVar [[r.Shadow.MaxCSMResolution:2048]]
[2020.02.02-19.56.12:308][  0]LogConfig: Setting CVar [[r.Shadow.RadiusThreshold:0.01]]
[2020.02.02-19.56.12:308][  0]LogConfig: Setting CVar [[r.Shadow.DistanceScale:1.0]]
[2020.02.02-19.56.12:308][  0]LogConfig: Setting CVar [[r.Shadow.CSM.TransitionScale:1.0]]
[2020.02.02-19.56.12:308][  0]LogConfig: Setting CVar [[r.Shadow.PreShadowResolutionFactor:1.0]]
[2020.02.02-19.56.12:308][  0]LogConfig: Setting CVar [[r.DistanceFieldShadowing:1]]
[2020.02.02-19.56.12:308][  0]LogConfig: Setting CVar [[r.DistanceFieldAO:1]]
[2020.02.02-19.56.12:308][  0]LogConfig: Setting CVar [[r.AOQuality:2]]
[2020.02.02-19.56.12:308][  0]LogConfig: Setting CVar [[r.VolumetricFog:1]]
[2020.02.02-19.56.12:308][  0]LogConfig: Setting CVar [[r.VolumetricFog.GridPixelSize:8]]
[2020.02.02-19.56.12:308][  0]LogConfig: Setting CVar [[r.VolumetricFog.GridSizeZ:128]]
[2020.02.02-19.56.12:308][  0]LogConfig: Setting CVar [[r.VolumetricFog.HistoryMissSupersampleCount:4]]
[2020.02.02-19.56.12:308][  0]LogConfig: Setting CVar [[r.LightMaxDrawDistanceScale:1]]
[2020.02.02-19.56.12:308][  0]LogConfig: Setting CVar [[r.CapsuleShadows:1]]
[2020.02.02-19.56.12:308][  0]LogConfig: Applying CVar settings from Section [PostProcessQuality@3] File [C:/Users/usman.baig/Documents/GitHub/GameJam2020/GameJam2020/Saved/Config/Windows/Scalability.ini]
[2020.02.02-19.56.12:308][  0]LogConfig: Setting CVar [[r.MotionBlurQuality:0]]
[2020.02.02-19.56.12:308][  0]LogConfig: Setting CVar [[r.AmbientOcclusionMipLevelFactor:0.4]]
[2020.02.02-19.56.12:308][  0]LogConfig: Setting CVar [[r.AmbientOcclusionMaxQuality:100]]
[2020.02.02-19.56.12:308][  0]LogConfig: Setting CVar [[r.AmbientOcclusionLevels:0]]
[2020.02.02-19.56.12:308][  0]LogConfig: Setting CVar [[r.AmbientOcclusionRadiusScale:1.0]]
[2020.02.02-19.56.12:308][  0]LogConfig: Setting CVar [[r.DepthOfFieldQuality:0]]
[2020.02.02-19.56.12:308][  0]LogConfig: Setting CVar [[r.RenderTargetPoolMin:400]]
[2020.02.02-19.56.12:308][  0]LogConfig: Setting CVar [[r.LensFlareQuality:0]]
[2020.02.02-19.56.12:308][  0]LogConfig: Setting CVar [[r.SceneColorFringeQuality:0]]
[2020.02.02-19.56.12:308][  0]LogConfig: Setting CVar [[r.EyeAdaptationQuality:2]]
[2020.02.02-19.56.12:308][  0]LogConfig: Setting CVar [[r.BloomQuality:1]]
[2020.02.02-19.56.12:308][  0]LogConfig: Setting CVar [[r.FastBlurThreshold:0]]
[2020.02.02-19.56.12:308][  0]LogConfig: Setting CVar [[r.Upscale.Quality:3]]
[2020.02.02-19.56.12:308][  0]LogConfig: Setting CVar [[r.Tonemapper.GrainQuantization:1]]
[2020.02.02-19.56.12:308][  0]LogConfig: Setting CVar [[r.LightShaftQuality:1]]
[2020.02.02-19.56.12:308][  0]LogConfig: Setting CVar [[r.Filter.SizeScale:1]]
[2020.02.02-19.56.12:308][  0]LogConfig: Setting CVar [[r.Tonemapper.Quality:5]]
[2020.02.02-19.56.12:308][  0]LogConfig: Setting CVar [[r.DOF.Gather.AccumulatorQuality:1        ; higher gathering accumulator quality]]
[2020.02.02-19.56.12:308][  0]LogConfig: Setting CVar [[r.DOF.Gather.PostfilterMethod:1          ; Median3x3 postfilering method]]
[2020.02.02-19.56.12:308][  0]LogConfig: Setting CVar [[r.DOF.Gather.EnableBokehSettings:0       ; no bokeh simulation when gathering]]
[2020.02.02-19.56.12:308][  0]LogConfig: Setting CVar [[r.DOF.Gather.RingCount:4                 ; medium number of samples when gathering]]
[2020.02.02-19.56.12:308][  0]LogConfig: Setting CVar [[r.DOF.Scatter.ForegroundCompositing:1    ; additive foreground scattering]]
[2020.02.02-19.56.12:308][  0]LogConfig: Setting CVar [[r.DOF.Scatter.BackgroundCompositing:2    ; additive background scattering]]
[2020.02.02-19.56.12:308][  0]LogConfig: Setting CVar [[r.DOF.Scatter.EnableBokehSettings:1      ; bokeh simulation when scattering]]
[2020.02.02-19.56.12:308][  0]LogConfig: Setting CVar [[r.DOF.Scatter.MaxSpriteRatio:0.1         ; only a maximum of 10% of scattered bokeh]]
[2020.02.02-19.56.12:308][  0]LogConfig: Setting CVar [[r.DOF.Recombine.Quality:1                ; cheap slight out of focus]]
[2020.02.02-19.56.12:308][  0]LogConfig: Setting CVar [[r.DOF.Recombine.EnableBokehSettings:0    ; no bokeh simulation on slight out of focus]]
[2020.02.02-19.56.12:308][  0]LogConfig: Setting CVar [[r.DOF.TemporalAAQuality:1                ; more stable temporal accumulation]]
[2020.02.02-19.56.12:308][  0]LogConfig: Setting CVar [[r.DOF.Kernel.MaxForegroundRadius:0.025]]
[2020.02.02-19.56.12:308][  0]LogConfig: Setting CVar [[r.DOF.Kernel.MaxBackgroundRadius:0.025]]
[2020.02.02-19.56.12:309][  0]LogConfig: Applying CVar settings from Section [TextureQuality@3] File [C:/Users/usman.baig/Documents/GitHub/GameJam2020/GameJam2020/Saved/Config/Windows/Scalability.ini]
[2020.02.02-19.56.12:309][  0]LogConfig: Setting CVar [[r.Streaming.MipBias:0]]
[2020.02.02-19.56.12:309][  0]LogConfig: Setting CVar [[r.Streaming.AmortizeCPUToGPUCopy:0]]
[2020.02.02-19.56.12:309][  0]LogConfig: Setting CVar [[r.Streaming.MaxNumTexturesToStreamPerFrame:0]]
[2020.02.02-19.56.12:309][  0]LogConfig: Setting CVar [[r.Streaming.Boost:1]]
[2020.02.02-19.56.12:309][  0]LogConfig: Setting CVar [[r.MaxAnisotropy:8]]
[2020.02.02-19.56.12:309][  0]LogConfig: Setting CVar [[r.Streaming.LimitPoolSizeToVRAM:0]]
[2020.02.02-19.56.12:309][  0]LogConfig: Setting CVar [[r.Streaming.PoolSize:1000]]
[2020.02.02-19.56.12:309][  0]LogConfig: Setting CVar [[r.Streaming.MaxEffectiveScreenSize:0]]
[2020.02.02-19.56.12:309][  0]LogConfig: Applying CVar settings from Section [EffectsQuality@3] File [C:/Users/usman.baig/Documents/GitHub/GameJam2020/GameJam2020/Saved/Config/Windows/Scalability.ini]
[2020.02.02-19.56.12:309][  0]LogConfig: Setting CVar [[r.TranslucencyLightingVolumeDim:4]]
[2020.02.02-19.56.12:309][  0]LogConfig: Setting CVar [[r.RefractionQuality:2]]
[2020.02.02-19.56.12:309][  0]LogConfig: Setting CVar [[r.SSR.Quality:0]]
[2020.02.02-19.56.12:309][  0]LogConfig: Setting CVar [[r.SceneColorFormat:2]]
[2020.02.02-19.56.12:309][  0]LogConfig: Setting CVar [[r.DetailMode:2]]
[2020.02.02-19.56.12:309][  0]LogConfig: Setting CVar [[r.TranslucencyVolumeBlur:0]]
[2020.02.02-19.56.12:309][  0]LogConfig: Setting CVar [[r.MaterialQualityLevel:1 ; High quality]]
[2020.02.02-19.56.12:309][  0]LogConfig: Setting CVar [[r.SSS.Scale:1]]
[2020.02.02-19.56.12:309][  0]LogConfig: Setting CVar [[r.SSS.SampleSet:2]]
[2020.02.02-19.56.12:309][  0]LogConfig: Setting CVar [[r.SSS.Quality:1]]
[2020.02.02-19.56.12:309][  0]LogConfig: Setting CVar [[r.SSS.HalfRes:1]]
[2020.02.02-19.56.12:309][  0]LogConfig: Setting CVar [[r.EmitterSpawnRateScale:1.0]]
[2020.02.02-19.56.12:309][  0]LogConfig: Setting CVar [[r.ParticleLightQuality:2]]
[2020.02.02-19.56.12:309][  0]LogConfig: Applying CVar settings from Section [FoliageQuality@3] File [C:/Users/usman.baig/Documents/GitHub/GameJam2020/GameJam2020/Saved/Config/Windows/Scalability.ini]
[2020.02.02-19.56.12:309][  0]LogConfig: Setting CVar [[foliage.DensityScale:1.0]]
[2020.02.02-19.56.12:309][  0]LogConfig: Setting CVar [[grass.DensityScale:1.0]]
[2020.02.02-19.56.12:309][  0]LogInit: Selected Device Profile: [Windows]
[2020.02.02-19.56.12:309][  0]LogInit: Applying CVar settings loaded from the selected device profile: [Windows]
[2020.02.02-19.56.12:318][  0]LogHAL: Display: Platform has ~ 32 GB [34280464384 / 34359738368 / 32], which maps to Largest [LargestMinGB=32, LargerMinGB=12, DefaultMinGB=8, SmallerMinGB=6, SmallestMinGB=0)
[2020.02.02-19.56.12:318][  0]LogInit: Going up to parent DeviceProfile []
[2020.02.02-19.56.12:318][  0]LogConfig: Applying CVar settings from Section [ViewDistanceQuality@3] File [C:/Users/usman.baig/Documents/GitHub/GameJam2020/GameJam2020/Saved/Config/Windows/Scalability.ini]
[2020.02.02-19.56.12:318][  0]LogConfig: Setting CVar [[r.SkeletalMeshLODBias:0]]
[2020.02.02-19.56.12:318][  0]LogConfig: Setting CVar [[r.ViewDistanceScale:1.0]]
[2020.02.02-19.56.12:318][  0]LogConfig: Applying CVar settings from Section [AntiAliasingQuality@3] File [C:/Users/usman.baig/Documents/GitHub/GameJam2020/GameJam2020/Saved/Config/Windows/Scalability.ini]
[2020.02.02-19.56.12:318][  0]LogConfig: Setting CVar [[r.PostProcessAAQuality:3]]
[2020.02.02-19.56.12:318][  0]LogConfig: Applying CVar settings from Section [ShadowQuality@3] File [C:/Users/usman.baig/Documents/GitHub/GameJam2020/GameJam2020/Saved/Config/Windows/Scalability.ini]
[2020.02.02-19.56.12:318][  0]LogConfig: Setting CVar [[r.LightFunctionQuality:1]]
[2020.02.02-19.56.12:318][  0]LogConfig: Setting CVar [[r.ShadowQuality:5]]
[2020.02.02-19.56.12:318][  0]LogConfig: Setting CVar [[r.Shadow.CSM.MaxCascades:10]]
[2020.02.02-19.56.12:318][  0]LogConfig: Setting CVar [[r.Shadow.MaxResolution:2048]]
[2020.02.02-19.56.12:318][  0]LogConfig: Setting CVar [[r.Shadow.MaxCSMResolution:2048]]
[2020.02.02-19.56.12:318][  0]LogConfig: Setting CVar [[r.Shadow.RadiusThreshold:0.01]]
[2020.02.02-19.56.12:318][  0]LogConfig: Setting CVar [[r.Shadow.DistanceScale:1.0]]
[2020.02.02-19.56.12:318][  0]LogConfig: Setting CVar [[r.Shadow.CSM.TransitionScale:1.0]]
[2020.02.02-19.56.12:318][  0]LogConfig: Setting CVar [[r.Shadow.PreShadowResolutionFactor:1.0]]
[2020.02.02-19.56.12:318][  0]LogConfig: Setting CVar [[r.DistanceFieldShadowing:1]]
[2020.02.02-19.56.12:318][  0]LogConfig: Setting CVar [[r.DistanceFieldAO:1]]
[2020.02.02-19.56.12:318][  0]LogConfig: Setting CVar [[r.AOQuality:2]]
[2020.02.02-19.56.12:318][  0]LogConfig: Setting CVar [[r.VolumetricFog:1]]
[2020.02.02-19.56.12:318][  0]LogConfig: Setting CVar [[r.VolumetricFog.GridPixelSize:8]]
[2020.02.02-19.56.12:318][  0]LogConfig: Setting CVar [[r.VolumetricFog.GridSizeZ:128]]
[2020.02.02-19.56.12:318][  0]LogConfig: Setting CVar [[r.VolumetricFog.HistoryMissSupersampleCount:4]]
[2020.02.02-19.56.12:318][  0]LogConfig: Setting CVar [[r.LightMaxDrawDistanceScale:1]]
[2020.02.02-19.56.12:318][  0]LogConfig: Setting CVar [[r.CapsuleShadows:1]]
[2020.02.02-19.56.12:318][  0]LogConfig: Applying CVar settings from Section [PostProcessQuality@3] File [C:/Users/usman.baig/Documents/GitHub/GameJam2020/GameJam2020/Saved/Config/Windows/Scalability.ini]
[2020.02.02-19.56.12:318][  0]LogConfig: Setting CVar [[r.MotionBlurQuality:0]]
[2020.02.02-19.56.12:318][  0]LogConfig: Setting CVar [[r.AmbientOcclusionMipLevelFactor:0.4]]
[2020.02.02-19.56.12:318][  0]LogConfig: Setting CVar [[r.AmbientOcclusionMaxQuality:100]]
[2020.02.02-19.56.12:318][  0]LogConfig: Setting CVar [[r.AmbientOcclusionLevels:0]]
[2020.02.02-19.56.12:318][  0]LogConfig: Setting CVar [[r.AmbientOcclusionRadiusScale:1.0]]
[2020.02.02-19.56.12:318][  0]LogConfig: Setting CVar [[r.DepthOfFieldQuality:0]]
[2020.02.02-19.56.12:318][  0]LogConfig: Setting CVar [[r.RenderTargetPoolMin:400]]
[2020.02.02-19.56.12:318][  0]LogConfig: Setting CVar [[r.LensFlareQuality:0]]
[2020.02.02-19.56.12:318][  0]LogConfig: Setting CVar [[r.SceneColorFringeQuality:0]]
[2020.02.02-19.56.12:318][  0]LogConfig: Setting CVar [[r.EyeAdaptationQuality:2]]
[2020.02.02-19.56.12:318][  0]LogConfig: Setting CVar [[r.BloomQuality:1]]
[2020.02.02-19.56.12:318][  0]LogConfig: Setting CVar [[r.FastBlurThreshold:0]]
[2020.02.02-19.56.12:318][  0]LogConfig: Setting CVar [[r.Upscale.Quality:3]]
[2020.02.02-19.56.12:318][  0]LogConfig: Setting CVar [[r.Tonemapper.GrainQuantization:1]]
[2020.02.02-19.56.12:318][  0]LogConfig: Setting CVar [[r.LightShaftQuality:1]]
[2020.02.02-19.56.12:319][  0]LogConfig: Setting CVar [[r.Filter.SizeScale:1]]
[2020.02.02-19.56.12:319][  0]LogConfig: Setting CVar [[r.Tonemapper.Quality:5]]
[2020.02.02-19.56.12:319][  0]LogConfig: Setting CVar [[r.DOF.Gather.AccumulatorQuality:1        ; higher gathering accumulator quality]]
[2020.02.02-19.56.12:319][  0]LogConfig: Setting CVar [[r.DOF.Gather.PostfilterMethod:1          ; Median3x3 postfilering method]]
[2020.02.02-19.56.12:319][  0]LogConfig: Setting CVar [[r.DOF.Gather.EnableBokehSettings:0       ; no bokeh simulation when gathering]]
[2020.02.02-19.56.12:319][  0]LogConfig: Setting CVar [[r.DOF.Gather.RingCount:4                 ; medium number of samples when gathering]]
[2020.02.02-19.56.12:319][  0]LogConfig: Setting CVar [[r.DOF.Scatter.ForegroundCompositing:1    ; additive foreground scattering]]
[2020.02.02-19.56.12:319][  0]LogConfig: Setting CVar [[r.DOF.Scatter.BackgroundCompositing:2    ; additive background scattering]]
[2020.02.02-19.56.12:319][  0]LogConfig: Setting CVar [[r.DOF.Scatter.EnableBokehSettings:1      ; bokeh simulation when scattering]]
[2020.02.02-19.56.12:319][  0]LogConfig: Setting CVar [[r.DOF.Scatter.MaxSpriteRatio:0.1         ; only a maximum of 10% of scattered bokeh]]
[2020.02.02-19.56.12:319][  0]LogConfig: Setting CVar [[r.DOF.Recombine.Quality:1                ; cheap slight out of focus]]
[2020.02.02-19.56.12:319][  0]LogConfig: Setting CVar [[r.DOF.Recombine.EnableBokehSettings:0    ; no bokeh simulation on slight out of focus]]
[2020.02.02-19.56.12:319][  0]LogConfig: Setting CVar [[r.DOF.TemporalAAQuality:1                ; more stable temporal accumulation]]
[2020.02.02-19.56.12:319][  0]LogConfig: Setting CVar [[r.DOF.Kernel.MaxForegroundRadius:0.025]]
[2020.02.02-19.56.12:319][  0]LogConfig: Setting CVar [[r.DOF.Kernel.MaxBackgroundRadius:0.025]]
[2020.02.02-19.56.12:319][  0]LogConfig: Applying CVar settings from Section [TextureQuality@3] File [C:/Users/usman.baig/Documents/GitHub/GameJam2020/GameJam2020/Saved/Config/Windows/Scalability.ini]
[2020.02.02-19.56.12:319][  0]LogConfig: Setting CVar [[r.Streaming.MipBias:0]]
[2020.02.02-19.56.12:319][  0]LogConfig: Setting CVar [[r.Streaming.AmortizeCPUToGPUCopy:0]]
[2020.02.02-19.56.12:319][  0]LogConfig: Setting CVar [[r.Streaming.MaxNumTexturesToStreamPerFrame:0]]
[2020.02.02-19.56.12:319][  0]LogConfig: Setting CVar [[r.Streaming.Boost:1]]
[2020.02.02-19.56.12:319][  0]LogConfig: Setting CVar [[r.MaxAnisotropy:8]]
[2020.02.02-19.56.12:319][  0]LogConfig: Setting CVar [[r.Streaming.LimitPoolSizeToVRAM:0]]
[2020.02.02-19.56.12:319][  0]LogConfig: Setting CVar [[r.Streaming.PoolSize:1000]]
[2020.02.02-19.56.12:319][  0]LogConfig: Setting CVar [[r.Streaming.MaxEffectiveScreenSize:0]]
[2020.02.02-19.56.12:319][  0]LogConfig: Applying CVar settings from Section [EffectsQuality@3] File [C:/Users/usman.baig/Documents/GitHub/GameJam2020/GameJam2020/Saved/Config/Windows/Scalability.ini]
[2020.02.02-19.56.12:319][  0]LogConfig: Setting CVar [[r.TranslucencyLightingVolumeDim:4]]
[2020.02.02-19.56.12:319][  0]LogConfig: Setting CVar [[r.RefractionQuality:2]]
[2020.02.02-19.56.12:319][  0]LogConfig: Setting CVar [[r.SSR.Quality:0]]
[2020.02.02-19.56.12:319][  0]LogConfig: Setting CVar [[r.SceneColorFormat:2]]
[2020.02.02-19.56.12:319][  0]LogConfig: Setting CVar [[r.DetailMode:2]]
[2020.02.02-19.56.12:319][  0]LogConfig: Setting CVar [[r.TranslucencyVolumeBlur:0]]
[2020.02.02-19.56.12:319][  0]LogConfig: Setting CVar [[r.MaterialQualityLevel:1 ; High quality]]
[2020.02.02-19.56.12:319][  0]LogConfig: Setting CVar [[r.SSS.Scale:1]]
[2020.02.02-19.56.12:319][  0]LogConfig: Setting CVar [[r.SSS.SampleSet:2]]
[2020.02.02-19.56.12:319][  0]LogConfig: Setting CVar [[r.SSS.Quality:1]]
[2020.02.02-19.56.12:319][  0]LogConfig: Setting CVar [[r.SSS.HalfRes:1]]
[2020.02.02-19.56.12:319][  0]LogConfig: Setting CVar [[r.EmitterSpawnRateScale:1.0]]
[2020.02.02-19.56.12:319][  0]LogConfig: Setting CVar [[r.ParticleLightQuality:2]]
[2020.02.02-19.56.12:319][  0]LogConfig: Applying CVar settings from Section [FoliageQuality@3] File [C:/Users/usman.baig/Documents/GitHub/GameJam2020/GameJam2020/Saved/Config/Windows/Scalability.ini]
[2020.02.02-19.56.12:319][  0]LogConfig: Setting CVar [[foliage.DensityScale:1.0]]
[2020.02.02-19.56.12:319][  0]LogConfig: Setting CVar [[grass.DensityScale:1.0]]
[2020.02.02-19.56.12:319][  0]LogConfig: Applying CVar settings from Section [Startup] File [../../../Engine/Config/ConsoleVariables.ini]
[2020.02.02-19.56.12:324][  0]LogConfig: Setting CVar [[net.UseAdaptiveNetUpdateFrequency:0]]
[2020.02.02-19.56.12:324][  0]LogConfig: Setting CVar [[p.chaos.AllowCreatePhysxBodies:1]]
[2020.02.02-19.56.12:324][  0]LogConfig: Applying CVar settings from Section [ConsoleVariables] File [C:/Users/usman.baig/Documents/GitHub/GameJam2020/GameJam2020/Saved/Config/Windows/Engine.ini]
[2020.02.02-19.56.12:324][  0]LogInit: Computer: N209-011
[2020.02.02-19.56.12:324][  0]LogInit: User: usmanbaig
[2020.02.02-19.56.12:324][  0]LogInit: CPU Page size=4096, Cores=4
[2020.02.02-19.56.12:324][  0]LogInit: High frequency timer resolution =10.000000 MHz
[2020.02.02-19.56.12:324][  0]LogMemory: Memory total: Physical=31.9GB (32GB approx)
[2020.02.02-19.56.12:324][  0]LogMemory: Platform Memory Stats for Windows
[2020.02.02-19.56.12:324][  0]LogMemory: Process Physical Memory: 100.02 MB used, 100.03 MB peak
[2020.02.02-19.56.12:324][  0]LogMemory: Process Virtual Memory: 88.38 MB used, 88.38 MB peak
[2020.02.02-19.56.12:324][  0]LogMemory: Physical Memory: 5179.25 MB used,  27513.14 MB free, 32692.40 MB total
[2020.02.02-19.56.12:324][  0]LogMemory: Virtual Memory: 4670.91 MB used,  134213056.00 MB free, 134217728.00 MB total
[2020.02.02-19.56.12:326][  0]LogWindows: WindowsPlatformFeatures enabled
[2020.02.02-19.56.12:500][  0]LogInit: Using OS detected language (en-US).
[2020.02.02-19.56.12:500][  0]LogInit: Using OS detected locale (en-US).
[2020.02.02-19.56.12:500][  0]LogTextLocalizationManager: No specific localization for 'en-US' exists, so the 'en' localization will be used.
[2020.02.02-19.56.12:838][  0]LogInit: Setting process to per monitor DPI aware
[2020.02.02-19.56.13:025][  0]LogSlate: New Slate User Created.  User Index 0, Is Virtual User: 0
[2020.02.02-19.56.13:025][  0]LogSlate: Slate User Registered.  User Index 0, Is Virtual User: 0
[2020.02.02-19.56.15:061][  0]LogHMD: Failed to initialize OpenVR with code 110
[2020.02.02-19.56.15:061][  0]LogD3D11RHI: D3D11 adapters:
[2020.02.02-19.56.15:127][  0]LogD3D11RHI:    0. 'NVIDIA Quadro K4200' (Feature Level 11_0)
[2020.02.02-19.56.15:127][  0]LogD3D11RHI:       4052/0/16346 MB DedicatedVideo/DedicatedSystem/SharedSystem, Outputs:1, VendorId:0x10de
[2020.02.02-19.56.15:129][  0]LogD3D11RHI:    1. 'Microsoft Basic Render Driver' (Feature Level 11_0)
[2020.02.02-19.56.15:129][  0]LogD3D11RHI:       0/0/16346 MB DedicatedVideo/DedicatedSystem/SharedSystem, Outputs:0, VendorId:0x1414
[2020.02.02-19.56.15:129][  0]LogD3D11RHI: Chosen D3D11 Adapter: 0
[2020.02.02-19.56.15:134][  0]LogD3D11RHI: Creating new Direct3DDevice
[2020.02.02-19.56.15:134][  0]LogD3D11RHI:     GPU DeviceId: 0x11b4 (for the marketing name, search the web for "GPU Device Id")
[2020.02.02-19.56.15:134][  0]LogWindows: EnumDisplayDevices:
[2020.02.02-19.56.15:135][  0]LogWindows:    0. 'NVIDIA Quadro K4200' (P:1 D:1)
[2020.02.02-19.56.15:135][  0]LogWindows:    1. 'NVIDIA Quadro K4200' (P:0 D:0)
[2020.02.02-19.56.15:135][  0]LogWindows:    2. 'NVIDIA Quadro K4200' (P:0 D:0)
[2020.02.02-19.56.15:135][  0]LogWindows:    3. 'NVIDIA Quadro K4200' (P:0 D:0)
[2020.02.02-19.56.15:135][  0]LogWindows: DebugString: FoundDriverCount:4 
[2020.02.02-19.56.15:135][  0]LogD3D11RHI:     Adapter Name: NVIDIA Quadro K4200
[2020.02.02-19.56.15:135][  0]LogD3D11RHI:   Driver Version: 441.66 (internal:26.21.14.4166, unified:441.66)
[2020.02.02-19.56.15:135][  0]LogD3D11RHI:      Driver Date: 12-6-2019
[2020.02.02-19.56.15:135][  0]LogRHI: Texture pool is 2836 MB (70% of 4052 MB)
[2020.02.02-19.56.15:181][  0]LogD3D11RHI: Async texture creation enabled
[2020.02.02-19.56.15:194][  0]LogD3D11RHI: GPU Timing Frequency: 1000.000000 (Debug: 2 1)
[2020.02.02-19.56.15:660][  0]LogTemp: Display: Module 'AllDesktopTargetPlatform' loaded TargetPlatform 'AllDesktop'
[2020.02.02-19.56.15:669][  0]LogTemp: Display: Module 'MacClientTargetPlatform' loaded TargetPlatform 'MacClient'
[2020.02.02-19.56.15:678][  0]LogTemp: Display: Module 'MacNoEditorTargetPlatform' loaded TargetPlatform 'MacNoEditor'
[2020.02.02-19.56.15:687][  0]LogTemp: Display: Module 'MacServerTargetPlatform' loaded TargetPlatform 'MacServer'
[2020.02.02-19.56.15:700][  0]LogTemp: Display: Module 'MacTargetPlatform' loaded TargetPlatform 'Mac'
[2020.02.02-19.56.15:709][  0]LogTemp: Display: Module 'WindowsClientTargetPlatform' loaded TargetPlatform 'WindowsClient'
[2020.02.02-19.56.15:718][  0]LogTemp: Display: Module 'WindowsNoEditorTargetPlatform' loaded TargetPlatform 'WindowsNoEditor'
[2020.02.02-19.56.15:727][  0]LogTemp: Display: Module 'WindowsServerTargetPlatform' loaded TargetPlatform 'WindowsServer'
[2020.02.02-19.56.15:732][  0]LogTemp: Display: Module 'WindowsTargetPlatform' loaded TargetPlatform 'Windows'
[2020.02.02-19.56.15:772][  0]LogTemp: Display: Module 'AndroidTargetPlatform' loaded TargetPlatform 'Android'
[2020.02.02-19.56.15:772][  0]LogTemp: Display: Module 'AndroidTargetPlatform' loaded TargetPlatform 'Android_ASTC'
[2020.02.02-19.56.15:772][  0]LogTemp: Display: Module 'AndroidTargetPlatform' loaded TargetPlatform 'Android_ATC'
[2020.02.02-19.56.15:772][  0]LogTemp: Display: Module 'AndroidTargetPlatform' loaded TargetPlatform 'Android_DXT'
[2020.02.02-19.56.15:772][  0]LogTemp: Display: Module 'AndroidTargetPlatform' loaded TargetPlatform 'Android_ETC1'
[2020.02.02-19.56.15:772][  0]LogTemp: Display: Module 'AndroidTargetPlatform' loaded TargetPlatform 'Android_ETC1a'
[2020.02.02-19.56.15:772][  0]LogTemp: Display: Module 'AndroidTargetPlatform' loaded TargetPlatform 'Android_ETC2'
[2020.02.02-19.56.15:772][  0]LogTemp: Display: Module 'AndroidTargetPlatform' loaded TargetPlatform 'Android_PVRTC'
[2020.02.02-19.56.15:772][  0]LogTemp: Display: Module 'AndroidTargetPlatform' loaded TargetPlatform 'AndroidClient'
[2020.02.02-19.56.15:772][  0]LogTemp: Display: Module 'AndroidTargetPlatform' loaded TargetPlatform 'Android_ASTCClient'
[2020.02.02-19.56.15:772][  0]LogTemp: Display: Module 'AndroidTargetPlatform' loaded TargetPlatform 'Android_ATCClient'
[2020.02.02-19.56.15:772][  0]LogTemp: Display: Module 'AndroidTargetPlatform' loaded TargetPlatform 'Android_DXTClient'
[2020.02.02-19.56.15:772][  0]LogTemp: Display: Module 'AndroidTargetPlatform' loaded TargetPlatform 'Android_ETC1Client'
[2020.02.02-19.56.15:772][  0]LogTemp: Display: Module 'AndroidTargetPlatform' loaded TargetPlatform 'Android_ETC1aClient'
[2020.02.02-19.56.15:772][  0]LogTemp: Display: Module 'AndroidTargetPlatform' loaded TargetPlatform 'Android_ETC2Client'
[2020.02.02-19.56.15:772][  0]LogTemp: Display: Module 'AndroidTargetPlatform' loaded TargetPlatform 'Android_PVRTCClient'
[2020.02.02-19.56.15:772][  0]LogTemp: Display: Module 'AndroidTargetPlatform' loaded TargetPlatform 'Android_Multi'
[2020.02.02-19.56.15:772][  0]LogTemp: Display: Module 'AndroidTargetPlatform' loaded TargetPlatform 'Android_MultiClient'
[2020.02.02-19.56.15:773][  0]LogTemp: Display: Module 'HTML5TargetPlatform' loaded TargetPlatform 'HTML5'
[2020.02.02-19.56.15:799][  0]LogTemp: Display: Module 'IOSTargetPlatform' loaded TargetPlatform 'IOSClient'
[2020.02.02-19.56.15:799][  0]LogTemp: Display: Module 'IOSTargetPlatform' loaded TargetPlatform 'IOS'
[2020.02.02-19.56.15:813][  0]LogTemp: Display: Module 'TVOSTargetPlatform' loaded TargetPlatform 'TVOSClient'
[2020.02.02-19.56.15:813][  0]LogTemp: Display: Module 'TVOSTargetPlatform' loaded TargetPlatform 'TVOS'
[2020.02.02-19.56.15:820][  0]LogTemp: Display: Module 'LinuxClientTargetPlatform' loaded TargetPlatform 'LinuxClient'
[2020.02.02-19.56.15:827][  0]LogTemp: Display: Module 'LinuxNoEditorTargetPlatform' loaded TargetPlatform 'LinuxNoEditor'
[2020.02.02-19.56.15:834][  0]LogTemp: Display: Module 'LinuxServerTargetPlatform' loaded TargetPlatform 'LinuxServer'
[2020.02.02-19.56.15:850][  0]LogTemp: Display: Module 'LinuxTargetPlatform' loaded TargetPlatform 'Linux'
[2020.02.02-19.56.15:878][  0]LogTemp: Display: Module 'LuminTargetPlatform' loaded TargetPlatform 'Lumin'
[2020.02.02-19.56.15:878][  0]LogTemp: Display: Module 'LuminTargetPlatform' loaded TargetPlatform 'LuminClient'
[2020.02.02-19.56.15:878][  0]LogTargetPlatformManager: Display: Building Assets For Windows
[2020.02.02-19.56.15:915][  0]LogAudioDebug: Display: Lib vorbis DLL was dynamically loaded.
[2020.02.02-19.56.15:988][  0]LogShaderCompilers: Guid format shader working directory is -25 characters bigger than the processId version (../../../../../../Users/usman.baig/Documents/GitHub/GameJam2020/GameJam2020/Intermediate/Shaders/WorkingDirectory/10156/).
[2020.02.02-19.56.15:988][  0]LogShaderCompilers: Cleaned the shader compiler working directory 'C:/Users/usman.baig/AppData/Local/Temp/UnrealShaderWorkingDir/0CA3AF1149D5286CD4EC49A0D80995BC/'.
[2020.02.02-19.56.15:990][  0]LogXGEController: Cleaning working directory: C:/Users/usman.baig/AppData/Local/Temp/UnrealXGEWorkingDir/
[2020.02.02-19.56.15:990][  0]LogXGEController: Cannot use XGE Controller as Incredibuild is not installed on this machine.
[2020.02.02-19.56.15:991][  0]LogShaderCompilers: Cannot use XGE Shader Compiler as Incredibuild is not installed on this machine.
[2020.02.02-19.56.15:991][  0]LogShaderCompilers: Display: Using Local Shader Compiler.
[2020.02.02-19.56.18:122][  0]LogDerivedDataCache: Display: Max Cache Size: 512 MB
[2020.02.02-19.56.18:177][  0]LogDerivedDataCache: Loaded boot cache 0.05s 74MB C:/Users/usman.baig/AppData/Local/UnrealEngine/4.23/DerivedDataCache/Boot.ddc.
[2020.02.02-19.56.18:177][  0]LogDerivedDataCache: Display: Loaded Boot cache: C:/Users/usman.baig/AppData/Local/UnrealEngine/4.23/DerivedDataCache/Boot.ddc
[2020.02.02-19.56.18:177][  0]LogDerivedDataCache: FDerivedDataBackendGraph:  Pak pak cache file ../../../../../../Users/usman.baig/Documents/GitHub/GameJam2020/GameJam2020/DerivedDataCache/DDC.ddp not found, will not use a pak cache.
[2020.02.02-19.56.18:177][  0]LogDerivedDataCache: Unable to find inner node Pak for hierarchical cache Hierarchy.
[2020.02.02-19.56.18:177][  0]LogDerivedDataCache: FDerivedDataBackendGraph:  CompressedPak pak cache file ../../../../../../Users/usman.baig/Documents/GitHub/GameJam2020/GameJam2020/DerivedDataCache/Compressed.ddp not found, will not use a pak cache.
[2020.02.02-19.56.18:177][  0]LogDerivedDataCache: Unable to find inner node CompressedPak for hierarchical cache Hierarchy.
[2020.02.02-19.56.18:196][  0]LogDerivedDataCache: Display: Pak cache opened for reading ../../../Engine/DerivedDataCache/Compressed.ddp.
[2020.02.02-19.56.18:196][  0]LogDerivedDataCache: FDerivedDataBackendGraph:  EnterprisePak pak cache file ../../../Enterprise/DerivedDataCache/Compressed.ddp not found, will not use a pak cache.
[2020.02.02-19.56.18:196][  0]LogDerivedDataCache: Unable to find inner node EnterprisePak for hierarchical cache Hierarchy.
[2020.02.02-19.56.18:198][  0]LogDerivedDataCache: Using Local data cache path C:/Users/usman.baig/AppData/Local/UnrealEngine/Common/DerivedDataCache: Writable
[2020.02.02-19.56.18:198][  0]LogDerivedDataCache: Shared data cache path not found in *engine.ini, will not use an Shared cache.
[2020.02.02-19.56.18:198][  0]LogDerivedDataCache: Unable to find inner node Shared for hierarchical cache Hierarchy.
[2020.02.02-19.56.18:229][  0]LogMaterial: Verifying Global Shaders for PCD3D_SM5
[2020.02.02-19.56.18:231][  0]LogSlate: Using FreeType 2.6.0
[2020.02.02-19.56.18:247][  0]LogSlate: SlateFontServices - WITH_FREETYPE: 1, WITH_HARFBUZZ: 1
[2020.02.02-19.56.18:413][  0]LogAssetRegistry: FAssetRegistry took 0.0024 seconds to start up
[2020.02.02-19.56.18:700][  0]LogInit: Selected Device Profile: [Windows]
[2020.02.02-19.56.18:922][  0]LogMeshReduction: Using QuadricMeshReduction for automatic static mesh reduction
[2020.02.02-19.56.18:922][  0]LogMeshReduction: Using SimplygonMeshReduction for automatic skeletal mesh reduction
[2020.02.02-19.56.18:922][  0]LogMeshReduction: Using ProxyLODMeshReduction for automatic mesh merging
[2020.02.02-19.56.18:922][  0]LogMeshReduction: No distributed automatic mesh merging module available
[2020.02.02-19.56.18:922][  0]LogMeshMerging: No distributed automatic mesh merging module available
[2020.02.02-19.56.18:950][  0]LogNetVersion: GameJam2020 1.0.0, NetCL: 8386587, EngineNetVer: 11, GameNetVer: 0 (Checksum: 1723651246)
[2020.02.02-19.56.19:852][  0]LogPackageLocalizationCache: Processed 13 localized package path(s) for 1 prioritized culture(s) in 0.055249 seconds
[2020.02.02-19.56.19:858][  0]LogUObjectArray: 43444 objects as part of root set at end of initial load.
[2020.02.02-19.56.19:858][  0]LogUObjectAllocator: 7548648 out of 0 bytes used by permanent object pool.
[2020.02.02-19.56.19:858][  0]LogUObjectArray: CloseDisregardForGC: 0/0 objects in disregard for GC pool
[2020.02.02-19.56.22:010][  0]LogTcpMessaging: Initializing TcpMessaging bridge
[2020.02.02-19.56.22:013][  0]LogUdpMessaging: Initializing bridge on interface 0.0.0.0:0 to multicast group 230.0.0.1:6666.
[2020.02.02-19.56.22:051][  0]LogSteamAudio: FSteamAudioModule Startup
[2020.02.02-19.56.22:051][  0]LogSteamAudio: Display: Attempting to load ../../../Engine/Binaries/ThirdParty/Phonon/Win64/tanrt64.dll
[2020.02.02-19.56.22:065][  0]LogSteamAudio: Display: Loaded ../../../Engine/Binaries/ThirdParty/Phonon/Win64/tanrt64.dll.
[2020.02.02-19.56.22:065][  0]LogSteamAudio: Display: Attempting to load ../../../Engine/Binaries/ThirdParty/Phonon/Win64/GPUUtilities.dll
[2020.02.02-19.56.22:077][  0]LogSteamAudio: Display: Loaded ../../../Engine/Binaries/ThirdParty/Phonon/Win64/GPUUtilities.dll.
[2020.02.02-19.56.22:077][  0]LogSteamAudio: Display: Attempting to load ../../../Engine/Binaries/ThirdParty/Phonon/Win64/phonon.dll
[2020.02.02-19.56.22:100][  0]LogSteamAudio: Display: Loaded ../../../Engine/Binaries/ThirdParty/Phonon/Win64/phonon.dll.
[2020.02.02-19.56.22:138][  0]SourceControl: Source control is disabled
[2020.02.02-19.56.22:138][  0]SourceControl: Source control is disabled
[2020.02.02-19.56.22:140][  0]SourceControl: Source control is disabled
[2020.02.02-19.56.22:141][  0]SourceControl: Source control is disabled
[2020.02.02-19.56.22:291][  0]LogAndroidPermission: UAndroidPermissionCallbackProxy::GetInstance
[2020.02.02-19.56.22:407][  0]LogOcInput: OculusInput pre-init called
[2020.02.02-19.56.22:413][  0]LogWindows: Failed to load 'OVRPlugin.dll' (GetLastError=126)
[2020.02.02-19.56.22:414][  0]LogWindows: File 'OVRPlugin.dll' does not exist
[2020.02.02-19.56.22:507][  0]LogEngine: Initializing Engine...
[2020.02.02-19.56.22:507][  0]LogHMD: Failed to initialize OpenVR with code 110
[2020.02.02-19.56.22:508][  0]LogStats: UGameplayTagsManager::InitializeManager -  0.000 s
[2020.02.02-19.56.22:901][  0]LogInit: Initializing FReadOnlyCVARCache
[2020.02.02-19.56.22:914][  0]LogAIModule: Creating AISystem for world Untitled
[2020.02.02-19.56.22:923][  0]LogInit: XAudio2 using 'Speakers / Headphones (Realtek Audio)' : 2 channels at 48 kHz using 32 bits per sample (channel mask 0x3)
[2020.02.02-19.56.23:068][  0]LogInit: FAudioDevice initialized.
[2020.02.02-19.56.23:068][  0]LogNetVersion: Set ProjectVersion to 1.0.0.0. Version Checksum will be recalculated on next use.
[2020.02.02-19.56.23:346][  0]LogDerivedDataCache: Saved boot cache 0.28s 74MB C:/Users/usman.baig/AppData/Local/UnrealEngine/4.23/DerivedDataCache/Boot.ddc.
[2020.02.02-19.56.23:353][  0]LogInit: Texture streaming: Enabled
[2020.02.02-19.56.23:374][  0]LogEngineSessionManager: EngineSessionManager initialized
[2020.02.02-19.56.23:374][  0]LogEditorSessionSummary: Verbose: Initializing EditorSessionSummaryWriter for editor session tracking
[2020.02.02-19.56.23:375][  0]LogEditorSessionSummary: EditorSessionSummaryWriter initialized
[2020.02.02-19.56.23:433][  0]LogInit: Transaction tracking system initialized
[2020.02.02-19.56.23:464][  0]BlueprintLog: New page: Editor Load
[2020.02.02-19.56.23:554][  0]LocalizationService: Localization service is disabled
[2020.02.02-19.56.24:087][  0]LogCook: Display: Max memory allowance for cook 16384mb min free memory 0mb
[2020.02.02-19.56.24:088][  0]LogCook: Display: Mobile HDR setting 1
[2020.02.02-19.56.24:433][  0]LogFileCache: Scanning file cache for directory 'C:/Users/usman.baig/Documents/GitHub/GameJam2020/GameJam2020/Content/' took 0.02s
[2020.02.02-19.56.24:433][  0]SourceControl: Source control is disabled
[2020.02.02-19.56.24:433][  0]Cmd: MAP LOAD FILE="../../../../../../Users/usman.baig/Documents/GitHub/GameJam2020/GameJam2020/Content/VirtualRealityBP/Maps/StartupMap.umap" TEMPLATE=0 SHOWPROGRESS=1 FEATURELEVEL=3
[2020.02.02-19.56.24:433][  0]LightingResults: New page: Lighting Build
[2020.02.02-19.56.24:436][  0]LogWorld: UWorld::CleanupWorld for Untitled, bSessionEnded=true, bCleanupResources=true
[2020.02.02-19.56.24:436][  0]MapCheck: New page: Map Check
[2020.02.02-19.56.24:436][  0]LightingResults: New page: Lighting Build
[2020.02.02-19.56.24:462][  0]LogUObjectHash: Compacting FUObjectHashTables data took   1.78ms
[2020.02.02-19.56.24:655][  0]LogAIModule: Creating AISystem for world StartupMap
[2020.02.02-19.56.24:665][  0]LogEditorServer: Finished looking for orphan Actors (0.000 secs)
[2020.02.02-19.56.24:693][  0]LogUObjectHash: Compacting FUObjectHashTables data took   1.41ms
[2020.02.02-19.56.24:693][  0]Cmd: MAP CHECKDEP NOCLEARLOG
[2020.02.02-19.56.24:693][  0]MapCheck: Map check complete: 0 Error(s), 0 Warning(s), took 0.129ms to complete.
[2020.02.02-19.56.24:693][  0]LogFileHelpers: Loading map 'StartupMap' took 0.260
[2020.02.02-19.56.24:805][  0]LogSlate: Updating window title bar state: overlay mode, drag disabled, window buttons hidden, title bar hidden
[2020.02.02-19.56.24:812][  0]LogSlate: Updating window title bar state: overlay mode, drag disabled, window buttons hidden, title bar hidden
[2020.02.02-19.56.24:818][  0]LogSlate: Updating window title bar state: overlay mode, drag disabled, window buttons hidden, title bar hidden
[2020.02.02-19.56.24:825][  0]LogSlate: Updating window title bar state: overlay mode, drag disabled, window buttons hidden, title bar hidden
[2020.02.02-19.56.24:836][  0]LogCollectionManager: Loaded 0 collections in 0.001819 seconds
[2020.02.02-19.56.24:841][  0]LogFileCache: Scanning file cache for directory 'C:/Users/usman.baig/Documents/GitHub/GameJam2020/GameJam2020/Saved/Collections/' took 0.00s
[2020.02.02-19.56.24:841][  0]LogFileCache: Scanning file cache for directory 'C:/Users/usman.baig/Documents/GitHub/GameJam2020/GameJam2020/Content/Developers/usmanbaig/Collections/' took 0.00s
[2020.02.02-19.56.24:841][  0]LogFileCache: Scanning file cache for directory 'C:/Users/usman.baig/Documents/GitHub/GameJam2020/GameJam2020/Content/Collections/' took 0.00s
[2020.02.02-19.56.24:841][  0]LogCollectionManager: Rebuilt the GUID cache for 0 collections in 0.000001 seconds
[2020.02.02-19.56.24:849][  0]LogContentBrowser: Native class hierarchy populated in 0.0078 seconds. Added 2876 classes and 686 folders.
[2020.02.02-19.56.24:856][  0]LogContentBrowser: Native class hierarchy updated for 'WidgetCarousel' in 0.0002 seconds. Added 0 classes and 0 folders.
[2020.02.02-19.56.25:085][  0]LogContentBrowser: Native class hierarchy updated for 'AddContentDialog' in 0.0002 seconds. Added 0 classes and 0 folders.
[2020.02.02-19.56.25:090][  0]LogContentBrowser: Native class hierarchy updated for 'SceneOutliner' in 0.0002 seconds. Added 1 classes and 2 folders.
[2020.02.02-19.56.25:107][  0]LogSlate: Took 0.004887 seconds to synchronously load lazily loaded font '../../../Engine/Content/Slate/Fonts/Roboto-Regular.ttf' (155K)
[2020.02.02-19.56.25:113][  0]LogSlate: Took 0.004369 seconds to synchronously load lazily loaded font '../../../Engine/Content/Slate/Fonts/Roboto-Bold.ttf' (160K)
[2020.02.02-19.56.25:121][  0]LogSlate: Took 0.004593 seconds to synchronously load lazily loaded font '../../../Engine/Content/Editor/Slate/Fonts/FontAwesome.ttf' (139K)
[2020.02.02-19.56.25:213][  0]LogRenderer: Reallocating scene render targets to support 1208x512 Format 26 NumSamples 1 (Frame:1).
[2020.02.02-19.56.25:310][  0]LogContentBrowser: Native class hierarchy updated for 'HierarchicalLODOutliner' in 0.0002 seconds. Added 0 classes and 0 folders.
[2020.02.02-19.56.25:311][  0]LogLoad: (Engine Initialization) Total time: 15.53 seconds
[2020.02.02-19.56.25:311][  0]LogLoad: (Engine Initialization) Total Blueprint compile time: 0.00 seconds
[2020.02.02-19.56.25:371][  0]LogContentStreaming: Texture pool size now 1000 MB
[2020.02.02-19.56.25:398][  0]LogSlate: Took 0.004260 seconds to synchronously load lazily loaded font '../../../Engine/Content/Slate/Fonts/Roboto-Light.ttf' (167K)
[2020.02.02-19.56.25:906][  9]LogAssetRegistry: Asset discovery search completed in 7.4941 seconds
[2020.02.02-19.56.25:910][  9]LogCollectionManager: Rebuilt the object cache for 0 collections in 0.000004 seconds (found 0 objects)
[2020.02.02-19.56.25:910][  9]LogCollectionManager: Fixed up redirectors for 0 collections in 0.000042 seconds (updated 0 objects)
[2020.02.02-19.56.34:649][162]LogSlate: FSceneViewport::OnFocusLost() reason 0
[2020.02.02-19.56.42:490][ 99]LogSlate: Took 0.000141 seconds to synchronously load lazily loaded font '../../../Engine/Content/Slate/Fonts/Roboto-Light.ttf' (167K)
[2020.02.02-19.56.48:223][ 99]LogTexture: Display: Building textures: T_Wall_Detail_A_normals (BC5, 2048X2048)
[2020.02.02-19.56.48:223][ 99]LogTexture: Display: Building textures: T_Wall_Detail_A_ML (AutoDXT, 2048X2048)
[2020.02.02-19.56.48:223][ 99]LogTexture: Display: Building textures: T_Trims_A_ML (AutoDXT, 4096X4096)
[2020.02.02-19.56.48:223][ 99]LogTexture: Display: Building textures: T_Trims_A_normals (BC5, 4096X4096)
[2020.02.02-19.56.48:223][ 99]LogTexture: Display: Building textures: T_Wall_Detail_A_Diff (AutoDXT, 2048X2048)
[2020.02.02-19.56.48:223][ 99]LogTexture: Display: Building textures: T_Trims_A_M (AutoDXT, 4096X4096)
[2020.02.02-19.56.48:223][ 99]LogTexture: Display: Building textures: HQ_Lightmap0_1 (AutoDXT, 512X512)
[2020.02.02-19.56.48:223][ 99]LogTexture: Display: Building textures: T_Trims_A_diff (AutoDXT, 4096X4096)
[2020.02.02-19.56.48:223][ 99]LogTexture: Display: Building textures: LQ_Lightmap_0_1 (DXT1, 512X512)
[2020.02.02-19.56.48:223][ 99]LogTexture: Display: Building textures: SkyOcclusion1_1 (AutoDXT, 512X256)
[2020.02.02-19.56.48:224][ 99]LogTexture: Display: Building textures: ShadowMapTexture2D_8 (BGRA8, 1024X64)
[2020.02.02-19.56.48:224][ 99]LogMaterial: Display: Missing cached shader map for material M_Base_3C, compiling. 
[2020.02.02-19.56.48:344][ 99]LogShaderCompilers: Display: Worker (1/5): shaders left to compile 31
[2020.02.02-19.56.48:344][ 99]LogShaderCompilers: Display: Worker (2/5): shaders left to compile 23
[2020.02.02-19.56.48:344][ 99]LogShaderCompilers: Display: Worker (3/5): shaders left to compile 15
[2020.02.02-19.56.48:344][ 99]LogShaderCompilers: Display: Worker (4/5): shaders left to compile 7
[2020.02.02-19.56.48:344][ 99]LogStaticMesh: Building static mesh SM_Wall_Detail_A...
[2020.02.02-19.56.48:360][ 99]LogStaticMesh: Built static mesh [0.02s] /Game/StarterBundle/ModularSci_Comm/Meshes/SM_Wall_Detail_A.SM_Wall_Detail_A
[2020.02.02-19.56.48:410][ 99]LogStaticMesh: Building static mesh SM_Wall_Corner_A...
[2020.02.02-19.56.48:436][ 99]LogStaticMesh: Built static mesh [0.03s] /Game/StarterBundle/ModularSci_Comm/Meshes/SM_Wall_Corner_A.SM_Wall_Corner_A
[2020.02.02-19.56.48:487][ 99]LogStaticMesh: Building static mesh SM_Wall_A...
[2020.02.02-19.56.48:545][ 99]LogStaticMesh: Built static mesh [0.06s] /Game/StarterBundle/ModularSci_Comm/Meshes/SM_Wall_A.SM_Wall_A
[2020.02.02-19.56.48:833][ 99]LogStaticMesh: Building static mesh SM_Floor_Center_B...
[2020.02.02-19.56.48:996][ 99]LogStaticMesh: Built static mesh [0.16s] /Game/StarterBundle/ModularSci_Comm/Meshes/SM_Floor_Center_B.SM_Floor_Center_B
[2020.02.02-19.56.49:094][ 99]LogStaticMesh: Building static mesh BeamMesh...
[2020.02.02-19.56.49:101][ 99]LogStaticMesh: Built static mesh [0.01s] /Game/VirtualReality/Meshes/BeamMesh.BeamMesh
[2020.02.02-19.56.49:102][ 99]LogAnimationCompression: Building Anim DDC data for AnimSequence /Game/VirtualReality/Mannequin/Animations/MannequinHand_Right_Grab.MannequinHand_Right_Grab
[2020.02.02-19.56.49:102][ 99]LogAnimationCompression: Recompressing (AnimSequence /Game/VirtualReality/Mannequin/Animations/MannequinHand_Right_Grab.MannequinHand_Right_Grab) using current/default (AnimCompress_BitwiseCompressOnly_0) bFirstRecompressUsingCurrentOrDefault(1) bTryAlternateCompressor(0) IsCompressedDataValid(0)
[2020.02.02-19.56.49:103][ 99]LogAnimationCompression: Building Anim DDC data for AnimSequence /Game/VirtualReality/Mannequin/Animations/MannequinHand_Right_Open.MannequinHand_Right_Open
[2020.02.02-19.56.49:103][ 99]LogAnimationCompression: Recompressing (AnimSequence /Game/VirtualReality/Mannequin/Animations/MannequinHand_Right_Open.MannequinHand_Right_Open) using current/default (AnimCompress_BitwiseCompressOnly_0) bFirstRecompressUsingCurrentOrDefault(1) bTryAlternateCompressor(0) IsCompressedDataValid(0)
[2020.02.02-19.56.49:105][ 99]LogAnimationCompression: Building Anim DDC data for AnimSequence /Game/VirtualReality/Mannequin/Animations/MannequinHand_Right_CanGrab.MannequinHand_Right_CanGrab
[2020.02.02-19.56.49:105][ 99]LogAnimationCompression: Recompressing (AnimSequence /Game/VirtualReality/Mannequin/Animations/MannequinHand_Right_CanGrab.MannequinHand_Right_CanGrab) using current/default (AnimCompress_BitwiseCompressOnly_0) bFirstRecompressUsingCurrentOrDefault(1) bTryAlternateCompressor(0) IsCompressedDataValid(0)
[2020.02.02-19.56.49:111][ 99]LogMaterial: Display: Missing cached shader map for material M_SplineArcMat, compiling. 
[2020.02.02-19.56.49:157][ 99]LogAIModule: Creating AISystem for world Room01
[2020.02.02-19.56.49:175][ 99]LogAssetEditorManager: Opening Asset editor for World /Game/Procedural/Room01.Room01
[2020.02.02-19.56.49:208][ 99]LogUObjectHash: Compacting FUObjectHashTables data took   4.18ms
[2020.02.02-19.56.49:210][ 99]Cmd: MAP LOAD FILE="../../../../../../Users/usman.baig/Documents/GitHub/GameJam2020/GameJam2020/Content/Procedural/Room01.umap" TEMPLATE=0 SHOWPROGRESS=1 FEATURELEVEL=3
[2020.02.02-19.56.49:210][ 99]LightingResults: New page: Lighting Build
[2020.02.02-19.56.49:210][ 99]LoadErrors: New page: Loading map: Room01.umap
[2020.02.02-19.56.49:211][ 99]LogWorld: UWorld::CleanupWorld for StartupMap, bSessionEnded=true, bCleanupResources=true
[2020.02.02-19.56.49:212][ 99]MapCheck: New page: Map Check
[2020.02.02-19.56.49:212][ 99]LightingResults: New page: Lighting Build
[2020.02.02-19.56.49:242][ 99]LogUObjectHash: Compacting FUObjectHashTables data took   3.25ms
[2020.02.02-19.56.49:244][ 99]LogPhysics: Warning: PopulatePhysXGeometryAndTransform(Convex): ConvexElem has invalid transform
[2020.02.02-19.56.49:244][ 99]LogPhysics: Warning: ForeachShape(Convex): ScaledElem[0] invalid
[2020.02.02-19.56.49:252][ 99]LogEditorServer: Finished looking for orphan Actors (0.000 secs)
[2020.02.02-19.56.49:283][ 99]LogUObjectHash: Compacting FUObjectHashTables data took   2.32ms
[2020.02.02-19.56.49:309][ 99]Cmd: MAP CHECKDEP NOCLEARLOG
[2020.02.02-19.56.49:309][ 99]MapCheck: Map check complete: 0 Error(s), 0 Warning(s), took 0.157ms to complete.
[2020.02.02-19.56.49:309][ 99]LogFileHelpers: Loading map 'Room01' took 0.101
[2020.02.02-19.56.51:099][274]LogShaderCompilers: Display: Worker (1/5): shaders left to compile 37
[2020.02.02-19.56.52:960][486]LogShaderCompilers: Display: Worker (4/5): shaders left to compile 27
[2020.02.02-19.56.53:711][572]LogShaderCompilers: Display: Worker (1/5): shaders left to compile 20
[2020.02.02-19.56.53:729][574]LogShaderCompilers: Display: Worker (2/5): shaders left to compile 14
[2020.02.02-19.56.53:865][590]LogShaderCompilers: Display: Worker (3/5): shaders left to compile 10
[2020.02.02-19.56.54:739][686]LogShaderCompilers: Display: Worker (2/5): shaders left to compile 7
[2020.02.02-19.56.54:911][705]LogShaderCompilers: Display: Worker (3/5): shaders left to compile 5
[2020.02.02-19.56.55:808][806]LogShaderCompilers: Display: Worker (1/5): shaders left to compile 3
[2020.02.02-19.56.56:227][851]LogShaderCompilers: Display: Worker (2/5): shaders left to compile 2
[2020.02.02-19.56.56:468][878]LogShaderCompilers: Display: Worker (3/5): shaders left to compile 1
[2020.02.02-19.57.10:175][509]LogSlate: FSceneViewport::OnFocusLost() reason 5
[2020.02.02-19.57.25:289][321]LogSlate: FSceneViewport::OnFocusLost() reason 0
[2020.02.02-19.57.43:198][465]LogAIModule: Creating AISystem for world Hallway
[2020.02.02-19.57.43:206][465]LogAIModule: Creating AISystem for world LHallway
[2020.02.02-19.57.43:213][465]LogAIModule: Creating AISystem for world THallway
[2020.02.02-19.57.43:219][465]LogAIModule: Creating AISystem for world XHallway
[2020.02.02-19.57.43:238][465]LogSlate: FSceneViewport::OnFocusLost() reason 5
[2020.02.02-19.58.33:726][514]LogAIModule: Creating AISystem for world Elevator
[2020.02.02-19.58.33:776][514]LogUObjectHash: Compacting FUObjectHashTables data took   2.09ms
[2020.02.02-19.58.33:863][514]LogAIModule: Creating AISystem for world XHallway_2
[2020.02.02-19.58.33:892][514]LogUObjectHash: Compacting FUObjectHashTables data took   2.01ms
[2020.02.02-19.58.33:974][514]LogAIModule: Creating AISystem for world THallway_2
[2020.02.02-19.58.34:003][514]LogUObjectHash: Compacting FUObjectHashTables data took   2.02ms
[2020.02.02-19.58.34:086][514]LogAIModule: Creating AISystem for world LHallway_2
[2020.02.02-19.58.34:115][514]LogUObjectHash: Compacting FUObjectHashTables data took   2.03ms
[2020.02.02-19.58.34:198][514]LogAIModule: Creating AISystem for world Hallway_2
[2020.02.02-19.58.34:226][514]LogUObjectHash: Compacting FUObjectHashTables data took   2.06ms
[2020.02.02-19.58.34:308][514]LogAIModule: Creating AISystem for world Elevator
[2020.02.02-19.58.38:993][ 72]LogAssetEditorManager: Opening Asset editor for World /Game/Procedural/XHallway_2.XHallway_2
[2020.02.02-19.58.39:019][ 72]LogUObjectHash: Compacting FUObjectHashTables data took   2.08ms
[2020.02.02-19.58.41:962][ 72]LogSlate: Window 'Save Content' being destroyed
[2020.02.02-19.58.41:967][ 72]Cmd: MAP LOAD FILE="../../../../../../Users/usman.baig/Documents/GitHub/GameJam2020/GameJam2020/Content/Procedural/XHallway_2.umap" TEMPLATE=0 SHOWPROGRESS=1 FEATURELEVEL=3
[2020.02.02-19.58.41:968][ 72]LightingResults: New page: Lighting Build
[2020.02.02-19.58.41:969][ 72]LoadErrors: New page: Loading map: XHallway_2.umap
[2020.02.02-19.58.41:971][ 72]LogWorld: UWorld::CleanupWorld for Room01, bSessionEnded=true, bCleanupResources=true
[2020.02.02-19.58.41:971][ 72]MapCheck: New page: Map Check
[2020.02.02-19.58.41:971][ 72]LightingResults: New page: Lighting Build
[2020.02.02-19.58.42:007][ 72]LogUObjectHash: Compacting FUObjectHashTables data took   2.19ms
[2020.02.02-19.58.42:038][ 72]LogUObjectHash: Compacting FUObjectHashTables data took   2.10ms
[2020.02.02-19.58.42:070][ 72]LogUObjectHash: Compacting FUObjectHashTables data took   2.07ms
[2020.02.02-19.58.42:100][ 72]LogUObjectHash: Compacting FUObjectHashTables data took   2.05ms
[2020.02.02-19.58.42:129][ 72]LogUObjectHash: Compacting FUObjectHashTables data took   2.03ms
[2020.02.02-19.58.42:154][ 72]LogUObjectHash: Compacting FUObjectHashTables data took   1.68ms
[2020.02.02-19.58.42:180][ 72]LogUObjectHash: Compacting FUObjectHashTables data took   1.69ms
[2020.02.02-19.58.46:841][ 72]LogSlate: Window 'Message' being destroyed
[2020.02.02-19.58.46:848][ 72]LogPhysics: Warning: PopulatePhysXGeometryAndTransform(Convex): ConvexElem has invalid transform
[2020.02.02-19.58.46:848][ 72]LogPhysics: Warning: ForeachShape(Convex): ScaledElem[0] invalid
[2020.02.02-19.58.46:848][ 72]LogPhysics: Warning: PopulatePhysXGeometryAndTransform(Convex): ConvexElem has invalid transform
[2020.02.02-19.58.46:848][ 72]LogPhysics: Warning: ForeachShape(Convex): ScaledElem[0] invalid
[2020.02.02-19.58.46:850][ 72]LogEditorServer: Finished looking for orphan Actors (0.000 secs)
[2020.02.02-19.58.46:885][ 72]LogUObjectHash: Compacting FUObjectHashTables data took   1.57ms
[2020.02.02-19.58.46:908][ 72]Cmd: MAP CHECKDEP NOCLEARLOG
[2020.02.02-19.58.46:908][ 72]MapCheck: Map check complete: 0 Error(s), 0 Warning(s), took 0.135ms to complete.
[2020.02.02-19.58.46:909][ 72]LogFileHelpers: Loading map 'XHallway_2' took 4.945
[2020.02.02-19.58.47:978][192]LogSlate: FSceneViewport::OnFocusLost() reason 0
[2020.02.02-19.58.50:667][514]LogAssetEditorManager: Opening Asset editor for World /Game/Procedural/Hallway_2.Hallway_2
[2020.02.02-19.58.50:692][514]LogUObjectHash: Compacting FUObjectHashTables data took   0.72ms
[2020.02.02-19.58.52:154][514]LogSlate: Window 'Save Content' being destroyed
[2020.02.02-19.58.52:723][580]LogSlate: FSceneViewport::OnFocusLost() reason 5
[2020.02.02-19.58.52:754][580]LogUObjectHash: Compacting FUObjectHashTables data took   0.73ms
[2020.02.02-19.58.52:844][580]LogSavePackage: Moving '../../../../../../Users/usman.baig/Documents/GitHub/GameJam2020/GameJam2020/Saved/XHallway_270D9A80C4538486560EE1ABA33BA139F.tmp' to '../../../../../../Users/usman.baig/Documents/GitHub/GameJam2020/GameJam2020/Content/Procedural/XHallway_2.umap'
[2020.02.02-19.59.00:036][439]LogSlate: FSceneViewport::OnFocusLost() reason 5
[2020.02.02-19.59.29:918][ 23]LogSlate: FSceneViewport::OnFocusLost() reason 0
[2020.02.02-19.59.34:952][625]LogActorFactory: Actor Factory created Cube
[2020.02.02-19.59.36:090][753]LogActorFactory: Actor Factory created Cube
[2020.02.02-19.59.48:088][181]LogSlate: FSceneViewport::OnFocusLost() reason 0
[2020.02.02-19.59.50:786][498]LogSlate: Took 0.030224 seconds to synchronously load lazily loaded font '../../../Engine/Content/Slate/Fonts/Roboto-Italic.ttf' (157K)
[2020.02.02-20.00.18:654][828]LogSlate: FSceneViewport::OnFocusLost() reason 0
[2020.02.02-20.00.31:464][362]LogSlate: FSceneViewport::OnFocusLost() reason 5
[2020.02.02-20.00.42:950][733]LogSlate: FSceneViewport::OnFocusLost() reason 0
[2020.02.02-20.00.43:033][743]Cmd: MODE GRID=0
[2020.02.02-20.03.33:179][ 89]LogSlate: FSceneViewport::OnFocusLost() reason 0
[2020.02.02-20.04.11:423][655]LogSlate: FSceneViewport::OnFocusLost() reason 5
[2020.02.02-20.04.20:291][716]LogSlate: FSceneViewport::OnFocusLost() reason 5
[2020.02.02-20.04.22:885][ 26]LogSlate: FSceneViewport::OnFocusLost() reason 5
[2020.02.02-20.04.25:321][318]LogEditorSessionSummary: EditorSessionSummary sent report. Type=Shutdown, SessionId={5D200A4B-4227-B054-C388-76A29D3F08B6}
[2020.02.02-20.04.32:170][138]LogEditorViewport: Clicking on Actor (LMB): StaticMeshActor (Cube4)
[2020.02.02-20.04.37:587][783]LogEditorViewport: Clicking on Actor (LMB): StaticMeshActor (Cube3)
[2020.02.02-20.04.42:508][368]LogEditorViewport: Clicking on Actor (LMB): StaticMeshActor (Cube5)
[2020.02.02-20.05.02:961][806]LogSlate: FSceneViewport::OnFocusLost() reason 5
[2020.02.02-20.05.17:775][579]LogSlate: FSceneViewport::OnFocusLost() reason 0
[2020.02.02-20.05.28:748][573]LogTexture: Display: Building textures: T_Pipes_A_N_normals (BC5, 2048X2048)
[2020.02.02-20.05.28:748][573]LogTexture: Display: Building textures: T_Pipes_A_Diff (AutoDXT, 2048X2048)
[2020.02.02-20.05.28:748][573]LogMaterial: Display: Missing cached shader map for material M_Base_Pipes, compiling. 
[2020.02.02-20.05.28:771][573]LogShaderCompilers: Display: Worker (1/5): shaders left to compile 31
[2020.02.02-20.05.28:771][573]LogShaderCompilers: Display: Worker (2/5): shaders left to compile 23
[2020.02.02-20.05.28:771][573]LogShaderCompilers: Display: Worker (3/5): shaders left to compile 15
[2020.02.02-20.05.28:771][573]LogShaderCompilers: Display: Worker (4/5): shaders left to compile 7
[2020.02.02-20.05.36:244][338]LogSlate: FSceneViewport::OnFocusLost() reason 0
[2020.02.02-20.05.39:210][687]LogSlate: FSceneViewport::OnFocusLost() reason 0
[2020.02.02-20.05.42:993][107]LogSlate: FSceneViewport::OnFocusLost() reason 0
[2020.02.02-20.05.50:078][944]LogSlate: FSceneViewport::OnFocusLost() reason 0
[2020.02.02-20.05.56:938][749]LogSlate: FSceneViewport::OnFocusLost() reason 0
[2020.02.02-20.06.01:969][338]LogSlate: FSceneViewport::OnFocusLost() reason 0
[2020.02.02-20.06.04:930][675]LogSlate: FSceneViewport::OnFocusLost() reason 0
[2020.02.02-20.06.09:503][209]LogSlate: FSceneViewport::OnFocusLost() reason 0
[2020.02.02-20.06.12:615][567]LogSlate: FSceneViewport::OnFocusLost() reason 0
[2020.02.02-20.06.15:552][908]LogSlate: FSceneViewport::OnFocusLost() reason 0
[2020.02.02-20.06.17:156][ 89]LogSlate: FSceneViewport::OnFocusLost() reason 0
[2020.02.02-20.06.33:016][913]LogSlate: FSceneViewport::OnFocusLost() reason 0
[2020.02.02-20.06.50:436][843]LogSlate: FSceneViewport::OnFocusLost() reason 0
[2020.02.02-20.06.50:557][856]LogStaticMesh: Building static mesh SM_Ceiling_Sides_A...
[2020.02.02-20.06.50:575][856]LogStaticMesh: Built static mesh [0.02s] /Game/StarterBundle/ModularSci_Comm/Meshes/SM_Ceiling_Sides_A.SM_Ceiling_Sides_A
[2020.02.02-20.06.50:686][867]LogActorFactory: Actor Factory created SM_Ceiling_Sides_A
[2020.02.02-20.06.51:565][971]LogActorFactory: Actor Factory created SM_Ceiling_Sides_A
[2020.02.02-20.07.02:399][259]Cmd: DELETE
[2020.02.02-20.07.02:400][259]Cmd: ACTOR DELETE
[2020.02.02-20.07.02:401][259]LogEditorActor: Deleted Actor: StaticMeshActor
[2020.02.02-20.07.02:428][259]LogUObjectHash: Compacting FUObjectHashTables data took   2.15ms
[2020.02.02-20.07.02:428][259]LogEditorActor: Deleted 1 Actors (0.028 secs)
[2020.02.02-20.07.07:772][885]LogSlate: FSceneViewport::OnFocusLost() reason 0
[2020.02.02-20.07.07:931][900]LogStaticMesh: Building static mesh SM_Wall_C...
[2020.02.02-20.07.07:970][900]LogStaticMesh: Built static mesh [0.04s] /Game/StarterBundle/ModularSci_Comm/Meshes/SM_Wall_C.SM_Wall_C
[2020.02.02-20.07.08:123][916]LogActorFactory: Actor Factory created SM_Wall_C
[2020.02.02-20.07.09:745][110]LogActorFactory: Actor Factory created SM_Wall_C
[2020.02.02-20.07.17:837][ 30]LogSlate: FSceneViewport::OnFocusLost() reason 0
[2020.02.02-20.07.17:961][ 41]LogStaticMesh: Building static mesh SM_Wall_Det_DoorBig_D...
[2020.02.02-20.07.17:999][ 41]LogStaticMesh: Built static mesh [0.04s] /Game/StarterBundle/ModularSci_Comm/Meshes/SM_Wall_Det_DoorBig_D.SM_Wall_Det_DoorBig_D
[2020.02.02-20.07.18:134][ 54]LogActorFactory: Actor Factory created SM_Wall_Det_DoorBig_D
[2020.02.02-20.07.19:493][215]LogActorFactory: Actor Factory created SM_Wall_Det_DoorBig_D
[2020.02.02-20.07.20:684][354]Cmd: DELETE
[2020.02.02-20.07.20:684][354]Cmd: ACTOR DELETE
[2020.02.02-20.07.20:684][354]LogEditorActor: Deleted Actor: StaticMeshActor
[2020.02.02-20.07.20:709][354]LogUObjectHash: Compacting FUObjectHashTables data took   1.44ms
[2020.02.02-20.07.20:710][354]LogEditorActor: Deleted 1 Actors (0.026 secs)
[2020.02.02-20.07.23:810][718]LogSlate: FSceneViewport::OnFocusLost() reason 0
[2020.02.02-20.07.27:113][725]LogTexture: Display: Building textures: T_Trims_B_ML (AutoDXT, 4096X4096)
[2020.02.02-20.07.27:113][725]LogTexture: Display: Building textures: T_Trims_B_normals (BC5, 4096X4096)
[2020.02.02-20.07.27:113][725]LogTexture: Display: Building textures: T_Trims_B_Diff (AutoDXT, 4096X4096)
[2020.02.02-20.07.27:113][725]LogStaticMesh: Building static mesh SM_Wall_Div_Slim...
[2020.02.02-20.07.27:127][725]LogStaticMesh: Built static mesh [0.01s] /Game/StarterBundle/ModularSci_Comm/Meshes/SM_Wall_Div_Slim.SM_Wall_Div_Slim
[2020.02.02-20.07.27:160][725]LogActorFactory: Actor Factory created SM_Wall_Div_Slim
[2020.02.02-20.07.28:907][934]LogActorFactory: Actor Factory created SM_Wall_Div_Slim
[2020.02.02-20.07.34:219][571]LogActorFactory: Actor Factory created SM_Wall_Div_Slim
[2020.02.02-20.07.47:434][144]LogEditorViewport: Clicking on Actor (LMB): StaticMeshActor (1M_Cube2)
[2020.02.02-20.07.48:370][252]LogEditorViewport: Clicking Background
[2020.02.02-20.07.49:284][361]LogEditorViewport: Clicking on Actor (LMB): StaticMeshActor (SM_Wall_C)
[2020.02.02-20.07.50:815][540]Cmd: DELETE
[2020.02.02-20.07.50:815][540]Cmd: ACTOR DELETE
[2020.02.02-20.07.50:816][540]LogEditorActor: Deleted Actor: StaticMeshActor
[2020.02.02-20.07.50:843][540]LogUObjectHash: Compacting FUObjectHashTables data took   1.72ms
[2020.02.02-20.07.50:843][540]LogEditorActor: Deleted 1 Actors (0.028 secs)
[2020.02.02-20.08.01:391][804]LogEditorViewport: Clicking on Actor (LMB): StaticMeshActor (SM_Wall_Div_Slim)
[2020.02.02-20.08.18:733][870]LogSlate: FSceneViewport::OnFocusLost() reason 0
[2020.02.02-20.08.18:824][881]Cmd: MODE SCALEGRID=0
[2020.02.02-20.08.36:041][934]LogSlate: FSceneViewport::OnFocusLost() reason 5
[2020.02.02-20.09.02:512][ 93]LogEditorViewport: Clicking on Actor (LMB): StaticMeshActor (SM_Wall_Div_Slim)
[2020.02.02-20.10.21:719][526]LogSlate: FSceneViewport::OnFocusLost() reason 0
[2020.02.02-20.10.57:031][717]LogSlate: FSceneViewport::OnFocusLost() reason 5
[2020.02.02-20.11.18:942][334]LogSlate: FSceneViewport::OnFocusLost() reason 5
[2020.02.02-20.11.28:015][419]LogEditorViewport: Clicking on Actor (LMB): StaticMeshActor (SM_Wall_Div_Slim2)
[2020.02.02-20.11.29:627][608]Cmd: DELETE
[2020.02.02-20.11.29:627][608]Cmd: ACTOR DELETE
[2020.02.02-20.11.29:628][608]LogEditorActor: Deleted Actor: StaticMeshActor
[2020.02.02-20.11.29:653][608]LogUObjectHash: Compacting FUObjectHashTables data took   1.67ms
[2020.02.02-20.11.29:653][608]LogEditorActor: Deleted 1 Actors (0.027 secs)
[2020.02.02-20.11.36:145][383]LogEditorViewport: Clicking on Actor (LMB): StaticMeshActor (SM_Wall_Div_Slim4)
[2020.02.02-20.12.01:058][336]Cmd: DELETE
[2020.02.02-20.12.01:058][336]Cmd: ACTOR DELETE
[2020.02.02-20.12.01:059][336]LogEditorActor: Deleted Actor: StaticMeshActor
[2020.02.02-20.12.01:060][336]LogEditorActor: Deleted Actor: StaticMeshActor
[2020.02.02-20.12.01:060][336]LogEditorActor: Deleted Actor: StaticMeshActor
[2020.02.02-20.12.01:060][336]LogEditorActor: Deleted Actor: StaticMeshActor
[2020.02.02-20.12.01:060][336]LogEditorActor: Deleted Actor: StaticMeshActor
[2020.02.02-20.12.01:060][336]LogEditorActor: Deleted Actor: StaticMeshActor
[2020.02.02-20.12.01:085][336]LogUObjectHash: Compacting FUObjectHashTables data took   0.74ms
[2020.02.02-20.12.01:086][336]LogEditorActor: Deleted 6 Actors (0.028 secs)
[2020.02.02-20.12.03:871][670]LogEditorViewport: Clicking on Actor (LMB): StaticMeshActor (SM_Wall_Div_Slim15)
[2020.02.02-20.12.20:034][594]LogSlate: FSceneViewport::OnFocusLost() reason 0
[2020.02.02-20.12.22:003][829]LogSlate: FSceneViewport::OnFocusLost() reason 0
[2020.02.02-20.12.24:258][ 99]LogEditorViewport: Clicking on Actor (LMB): StaticMeshActor (Cube8)
[2020.02.02-20.12.25:374][229]LogEditorViewport: Clicking on Actor (LMB): StaticMeshActor (SM_Wall_Div_Slim)
[2020.02.02-20.13.45:222][726]LogEditorViewport: Clicking on Actor (LMB): StaticMeshActor (Cube5)
[2020.02.02-20.13.57:536][192]LogEditorViewport: Clicking on Actor (LMB): StaticMeshActor (1M_Cube2)
[2020.02.02-20.13.59:042][369]LogEditorViewport: Clicking on Actor (LMB): StaticMeshActor (Cube4)
[2020.02.02-20.14.12:793][  8]LogSlate: FSceneViewport::OnFocusLost() reason 0
[2020.02.02-20.14.12:969][ 25]LogUObjectHash: Compacting FUObjectHashTables data took   1.66ms
[2020.02.02-20.14.13:091][ 25]LogSavePackage: Moving '../../../../../../Users/usman.baig/Documents/GitHub/GameJam2020/GameJam2020/Saved/XHallway_241BB9DEC43606E935A31C08461440504.tmp' to '../../../../../../Users/usman.baig/Documents/GitHub/GameJam2020/GameJam2020/Content/Procedural/XHallway_2.umap'
[2020.02.02-20.14.17:450][541]LogUObjectHash: Compacting FUObjectHashTables data took   2.02ms
[2020.02.02-20.14.17:455][541]LogSlate: FSceneViewport::OnFocusLost() reason 5
[2020.02.02-20.14.17:464][541]LogPhysics: Warning: PopulatePhysXGeometryAndTransform(Convex): ConvexElem has invalid transform
[2020.02.02-20.14.17:464][541]LogPhysics: Warning: ForeachShape(Convex): ScaledElem[0] invalid
[2020.02.02-20.14.17:488][541]LogUObjectHash: Compacting FUObjectHashTables data took   0.73ms
[2020.02.02-20.14.17:576][541]LogSavePackage: Moving '../../../../../../Users/usman.baig/Documents/GitHub/GameJam2020/GameJam2020/Saved/ElevatorFDC1D8B44FBC896B20A1308D8EDDC07F.tmp' to '../../../../../../Users/usman.baig/Documents/GitHub/GameJam2020/GameJam2020/Content/Procedural/Elevator.umap'
[2020.02.02-20.14.17:580][541]LogFileHelpers: Saving map 'Elevator' took 0.119
[2020.02.02-20.14.17:584][541]LogPhysics: Warning: PopulatePhysXGeometryAndTransform(Convex): ConvexElem has invalid transform
[2020.02.02-20.14.17:584][541]LogPhysics: Warning: ForeachShape(Convex): ScaledElem[0] invalid
[2020.02.02-20.14.17:607][541]LogUObjectHash: Compacting FUObjectHashTables data took   1.99ms
[2020.02.02-20.14.17:696][541]LogSavePackage: Moving '../../../../../../Users/usman.baig/Documents/GitHub/GameJam2020/GameJam2020/Saved/Hallway_2791CA7A84466119C4C5B3A8245F45E7A.tmp' to '../../../../../../Users/usman.baig/Documents/GitHub/GameJam2020/GameJam2020/Content/Procedural/Hallway_2.umap'
[2020.02.02-20.14.17:699][541]LogFileHelpers: Saving map 'Hallway_2' took 0.117
[2020.02.02-20.14.17:703][541]LogPhysics: Warning: PopulatePhysXGeometryAndTransform(Convex): ConvexElem has invalid transform
[2020.02.02-20.14.17:703][541]LogPhysics: Warning: ForeachShape(Convex): ScaledElem[0] invalid
[2020.02.02-20.14.17:703][541]LogPhysics: Warning: PopulatePhysXGeometryAndTransform(Convex): ConvexElem has invalid transform
[2020.02.02-20.14.17:703][541]LogPhysics: Warning: ForeachShape(Convex): ScaledElem[0] invalid
[2020.02.02-20.14.17:727][541]LogUObjectHash: Compacting FUObjectHashTables data took   1.98ms
[2020.02.02-20.14.17:816][541]LogSavePackage: Moving '../../../../../../Users/usman.baig/Documents/GitHub/GameJam2020/GameJam2020/Saved/LHallway_21F91A95144340B38FB01D1B3C90E1734.tmp' to '../../../../../../Users/usman.baig/Documents/GitHub/GameJam2020/GameJam2020/Content/Procedural/LHallway_2.umap'
[2020.02.02-20.14.17:819][541]LogFileHelpers: Saving map 'LHallway_2' took 0.119
[2020.02.02-20.14.17:823][541]LogPhysics: Warning: PopulatePhysXGeometryAndTransform(Convex): ConvexElem has invalid transform
[2020.02.02-20.14.17:823][541]LogPhysics: Warning: ForeachShape(Convex): ScaledElem[0] invalid
[2020.02.02-20.14.17:823][541]LogPhysics: Warning: PopulatePhysXGeometryAndTransform(Convex): ConvexElem has invalid transform
[2020.02.02-20.14.17:823][541]LogPhysics: Warning: ForeachShape(Convex): ScaledElem[0] invalid
[2020.02.02-20.14.17:849][541]LogUObjectHash: Compacting FUObjectHashTables data took   1.99ms
[2020.02.02-20.14.17:937][541]LogSavePackage: Moving '../../../../../../Users/usman.baig/Documents/GitHub/GameJam2020/GameJam2020/Saved/THallway_2F22BA2FC44D247E8932A12A86DBBA627.tmp' to '../../../../../../Users/usman.baig/Documents/GitHub/GameJam2020/GameJam2020/Content/Procedural/THallway_2.umap'
[2020.02.02-20.14.17:940][541]LogFileHelpers: Saving map 'THallway_2' took 0.119
