Log file open, 02/01/20 21:48:46
LogWindows: Failed to load 'aqProf.dll' (GetLastError=126)
LogWindows: File 'aqProf.dll' does not exist
LogWindows: Failed to load 'VtuneApi.dll' (GetLastError=126)
LogWindows: File 'VtuneApi.dll' does not exist
LogWindows: Failed to load 'VtuneApi32e.dll' (GetLastError=126)
LogWindows: File 'VtuneApi32e.dll' does not exist
LogConsoleResponse: Display: Failed to find resolution value strings in scalability ini. Falling back to default.
LogInit: Display: Running engine for game: GameJam2020
LogPlatformFile: Not using cached read wrapper
LogTaskGraph: Started task graph with 5 named threads and 23 total threads with 3 sets of task threads.
LogStats: Stats thread started at 0.090809
LogD3D11RHI: Loaded GFSDK_Aftermath_Lib.x64.dll
LogICUInternationalization: ICU TimeZone Detection - Raw Offset: -8:00, Platform Override: ''
LogPluginManager: Mounting plugin Paper2D
LogPluginManager: Mounting plugin AISupport
LogPluginManager: Mounting plugin LightPropagationVolume
LogPluginManager: Mounting plugin ActorLayerUtilities
LogPluginManager: Mounting plugin AnimationSharing
LogPluginManager: Mounting plugin CLionSourceCodeAccess
LogPluginManager: Mounting plugin CodeLiteSourceCodeAccess
LogPluginManager: Mounting plugin GitSourceControl
LogPluginManager: Mounting plugin KDevelopSourceCodeAccess
LogPluginManager: Mounting plugin NullSourceCodeAccess
LogPluginManager: Mounting plugin PerforceSourceControl
LogPluginManager: Mounting plugin SubversionSourceControl
LogPluginManager: Mounting plugin UObjectPlugin
LogPluginManager: Mounting plugin VisualStudioCodeSourceCodeAccess
LogPluginManager: Mounting plugin VisualStudioSourceCodeAccess
LogPluginManager: Mounting plugin XCodeSourceCodeAccess
LogPluginManager: Mounting plugin AssetManagerEditor
LogPluginManager: Mounting plugin CryptoKeys
LogPluginManager: Mounting plugin CurveEditorTools
LogPluginManager: Mounting plugin DataValidation
LogPluginManager: Mounting plugin FacialAnimation
LogPluginManager: Mounting plugin GameplayTagsEditor
LogPluginManager: Mounting plugin MacGraphicsSwitching
LogPluginManager: Mounting plugin MaterialAnalyzer
LogPluginManager: Mounting plugin MobileLauncherProfileWizard
LogPluginManager: Mounting plugin PluginBrowser
LogPluginManager: Mounting plugin SpeedTreeImporter
LogPluginManager: Mounting plugin DatasmithContent
LogPluginManager: Mounting plugin VariantManagerContent
LogPluginManager: Mounting plugin AlembicImporter
LogPluginManager: Mounting plugin AutomationUtils
LogPluginManager: Mounting plugin BackChannel
LogPluginManager: Mounting plugin CharacterAI
LogPluginManager: Mounting plugin GeometryCache
LogPluginManager: Mounting plugin HTML5Networking
LogPluginManager: Mounting plugin PlatformCrypto
LogPluginManager: Mounting plugin ProxyLODPlugin
LogPluginManager: Mounting plugin SkeletalReduction
LogPluginManager: Mounting plugin MagicLeap
LogPluginManager: Mounting plugin MagicLeapMedia
LogPluginManager: Mounting plugin AndroidMedia
LogPluginManager: Mounting plugin AvfMedia
LogPluginManager: Mounting plugin ImgMedia
LogPluginManager: Mounting plugin MediaCompositing
LogPluginManager: Mounting plugin MediaPlayerEditor
LogPluginManager: Mounting plugin WebMMedia
LogPluginManager: Mounting plugin WmfMedia
LogPluginManager: Mounting plugin TcpMessaging
LogPluginManager: Mounting plugin UdpMessaging
LogPluginManager: Mounting plugin ActorSequence
LogPluginManager: Mounting plugin LevelSequenceEditor
LogPluginManager: Mounting plugin MatineeToLevelSequence
LogPluginManager: Mounting plugin NetcodeUnitTest
LogPluginManager: Mounting plugin NUTUnrealEngine4
LogPluginManager: Mounting plugin OnlineSubsystemGooglePlay
LogPluginManager: Mounting plugin OnlineSubsystemIOS
LogPluginManager: Mounting plugin OnlineSubsystem
LogPluginManager: Mounting plugin OnlineSubsystemNull
LogPluginManager: Mounting plugin OnlineSubsystemUtils
LogPluginManager: Mounting plugin LauncherChunkInstaller
LogPluginManager: Mounting plugin AndroidDeviceProfileSelector
LogPluginManager: Mounting plugin AndroidMoviePlayer
LogPluginManager: Mounting plugin AndroidPermission
LogPluginManager: Mounting plugin AppleImageUtils
LogPluginManager: Mounting plugin AppleMoviePlayer
LogPluginManager: Mounting plugin ArchVisCharacter
LogPluginManager: Mounting plugin AudioCapture
LogPluginManager: Mounting plugin CableComponent
LogPluginManager: Mounting plugin CustomMeshComponent
LogPluginManager: Mounting plugin EditableMesh
LogPluginManager: Mounting plugin ExampleDeviceProfileSelector
LogPluginManager: Mounting plugin GoogleCloudMessaging
LogPluginManager: Mounting plugin IOSDeviceProfileSelector
LogPluginManager: Mounting plugin LinuxDeviceProfileSelector
LogPluginManager: Mounting plugin LocationServicesBPLibrary
LogPluginManager: Mounting plugin MobilePatchingUtils
LogPluginManager: Mounting plugin OculusVR
LogPluginManager: Mounting plugin PhysXVehicles
LogPluginManager: Mounting plugin ProceduralMeshComponent
LogPluginManager: Mounting plugin RuntimePhysXCooking
LogPluginManager: Mounting plugin SignificanceManager
LogPluginManager: Mounting plugin SteamAudio
LogPluginManager: Mounting plugin SteamVR
LogPluginManager: Mounting plugin WebMMoviePlayer
LogPluginManager: Mounting plugin WindowsMoviePlayer
LogPluginManager: Mounting plugin ScreenshotTools
LogInit: Using libcurl 7.55.1-DEV
LogInit:  - built for x86_64-pc-win32
LogInit:  - supports SSL with OpenSSL/1.1.1
LogInit:  - supports HTTP deflate (compression) using libz 1.2.8
LogInit:  - other features:
LogInit:      CURL_VERSION_SSL
LogInit:      CURL_VERSION_LIBZ
LogInit:      CURL_VERSION_IPV6
LogInit:      CURL_VERSION_ASYNCHDNS
LogInit:      CURL_VERSION_LARGEFILE
LogInit:      CURL_VERSION_IDN
LogInit:  CurlRequestOptions (configurable via config and command line):
LogInit:  - bVerifyPeer = true  - Libcurl will verify peer certificate
LogInit:  - bUseHttpProxy = false  - Libcurl will NOT use HTTP proxy
LogInit:  - bDontReuseConnections = false  - Libcurl will reuse connections
LogInit:  - MaxHostConnections = 16  - Libcurl will limit the number of connections to a host
LogInit:  - LocalHostAddr = Default
LogInit:  - BufferSize = 65536
LogOnline: OSS: Creating online subsystem instance for: NULL
LogInit: WinSock: version 1.1 (2.2), MaxSocks=32767, MaxUdp=65467
LogInit: Build: ++UE4+Release-4.23-CL-9631420
LogInit: Engine Version: 4.23.1-9631420+++UE4+Release-4.23
LogInit: Compatible Engine Version: 4.23.0-8386587+++UE4+Release-4.23
LogInit: Net CL: 8386587
LogInit: OS: Windows 10 (Release 1809) (), CPU: Intel(R) Xeon(R) CPU E5-1620 v3 @ 3.50GHz, GPU: NVIDIA Quadro K4200
LogInit: Compiled (64-bit): Oct 18 2019 02:07:44
LogInit: Compiled with Visual C++: 19.16.27030.01
LogInit: Build Configuration: Development
LogInit: Branch Name: ++UE4+Release-4.23
LogInit: Command Line: 
LogInit: Base Directory: C:/Program Files/Epic Games/UE_4.23/Engine/Binaries/Win64/
LogInit: Installed Engine Build: 1
LogDevObjectVersion: Number of dev versions registered: 23
LogDevObjectVersion:   Dev-Blueprints (B0D832E4-1F89-4F0D-ACCF-7EB736FD4AA2): 10
LogDevObjectVersion:   Dev-Build (E1C64328-A22C-4D53-A36C-8E866417BD8C): 0
LogDevObjectVersion:   Dev-Core (375EC13C-06E4-48FB-B500-84F0262A717E): 3
LogDevObjectVersion:   Dev-Editor (E4B068ED-F494-42E9-A231-DA0B2E46BB41): 34
LogDevObjectVersion:   Dev-Framework (CFFC743F-43B0-4480-9391-14DF171D2073): 35
LogDevObjectVersion:   Dev-Mobile (B02B49B5-BB20-44E9-A304-32B752E40360): 2
LogDevObjectVersion:   Dev-Networking (A4E4105C-59A1-49B5-A7C5-40C4547EDFEE): 0
LogDevObjectVersion:   Dev-Online (39C831C9-5AE6-47DC-9A44-9C173E1C8E7C): 0
LogDevObjectVersion:   Dev-Physics (78F01B33-EBEA-4F98-B9B4-84EACCB95AA2): 0
LogDevObjectVersion:   Dev-Platform (6631380F-2D4D-43E0-8009-CF276956A95A): 0
LogDevObjectVersion:   Dev-Rendering (12F88B9F-8875-4AFC-A67C-D90C383ABD29): 31
LogDevObjectVersion:   Dev-Sequencer (7B5AE74C-D270-4C10-A958-57980B212A5A): 11
LogDevObjectVersion:   Dev-VR (D7296918-1DD6-4BDD-9DE2-64A83CC13884): 2
LogDevObjectVersion:   Dev-LoadTimes (C2A15278-BFE7-4AFE-6C17-90FF531DF755): 1
LogDevObjectVersion:   Private-Geometry (6EACA3D4-40EC-4CC1-B786-8BED09428FC5): 3
LogDevObjectVersion:   Dev-AnimPhys (29E575DD-E0A3-4627-9D10-D276232CDCEA): 17
LogDevObjectVersion:   Dev-Anim (AF43A65D-7FD3-4947-9873-3E8ED9C1BB05): 2
LogDevObjectVersion:   Dev-ReflectionCapture (6B266CEC-1EC7-4B8F-A30B-E4D90942FC07): 1
LogDevObjectVersion:   Dev-Automation (0DF73D61-A23F-47EA-B727-89E90C41499A): 1
LogDevObjectVersion:   FortniteMain (601D1886-AC64-4F84-AA16-D3DE0DEAC7D6): 27
LogDevObjectVersion:   Dev-Enterprise (9DFFBCD6-494F-0158-E221-12823C92A888): 6
LogDevObjectVersion:   Dev-Niagara (F2AED0AC-9AFE-416F-8664-AA7FFA26D6FC): 1
LogDevObjectVersion:   Dev-Destruction (174F1F0B-B4C6-45A5-B13F-2EE8D0FB917D): 9
LogInit: Presizing for max 16777216 objects, including 0 objects not considered by GC, pre-allocating 0 bytes for permanent pool.
LogInit: Object subsystem initialized
LogConfig: Setting CVar [[con.DebugEarlyDefault:1]]
LogConfig: Setting CVar [[r.setres:1280x720]]
[2020.02.02-05.48.46:602][  0]LogConfig: Setting CVar [[r.VSync:0]]
[2020.02.02-05.48.46:602][  0]LogConfig: Setting CVar [[r.RHICmdBypass:0]]
[2020.02.02-05.48.46:602][  0]LogConfig: Applying CVar settings from Section [/Script/Engine.RendererSettings] File [C:/Users/usman.baig/Documents/GitHub/GameJam2020/GameJam2020/Saved/Config/Windows/Engine.ini]
[2020.02.02-05.48.46:602][  0]LogConfig: Setting CVar [[r.GPUCrashDebugging:0]]
[2020.02.02-05.48.46:602][  0]LogConfig: Setting CVar [[r.DefaultFeature.AmbientOcclusion:0]]
[2020.02.02-05.48.46:602][  0]LogConfig: Setting CVar [[r.DefaultFeature.AmbientOcclusionStaticFraction:0]]
[2020.02.02-05.48.46:602][  0]LogConfig: Setting CVar [[vr.InstancedStereo:1]]
[2020.02.02-05.48.46:602][  0]LogConfig: Setting CVar [[r.SeparateTranslucency:0]]
[2020.02.02-05.48.46:602][  0]LogConfig: Setting CVar [[r.HZBOcclusion:0]]
[2020.02.02-05.48.46:602][  0]LogConfig: Setting CVar [[r.SSR.MaxRoughness:0]]
[2020.02.02-05.48.46:602][  0]LogConfig: Setting CVar [[r.rhicmdbypass:0]]
[2020.02.02-05.48.46:602][  0]LogConfig: Applying CVar settings from Section [/Script/Engine.RendererOverrideSettings] File [C:/Users/usman.baig/Documents/GitHub/GameJam2020/GameJam2020/Saved/Config/Windows/Engine.ini]
[2020.02.02-05.48.46:602][  0]LogConfig: Applying CVar settings from Section [/Script/Engine.StreamingSettings] File [C:/Users/usman.baig/Documents/GitHub/GameJam2020/GameJam2020/Saved/Config/Windows/Engine.ini]
[2020.02.02-05.48.46:602][  0]LogConfig: Setting CVar [[s.MinBulkDataSizeForAsyncLoading:131072]]
[2020.02.02-05.48.46:602][  0]LogConfig: Setting CVar [[s.AsyncLoadingThreadEnabled:0]]
[2020.02.02-05.48.46:602][  0]LogConfig: Setting CVar [[s.EventDrivenLoaderEnabled:1]]
[2020.02.02-05.48.46:602][  0]LogConfig: Setting CVar [[s.WarnIfTimeLimitExceeded:0]]
[2020.02.02-05.48.46:602][  0]LogConfig: Setting CVar [[s.TimeLimitExceededMultiplier:1.5]]
[2020.02.02-05.48.46:602][  0]LogConfig: Setting CVar [[s.TimeLimitExceededMinTime:0.005]]
[2020.02.02-05.48.46:602][  0]LogConfig: Setting CVar [[s.UseBackgroundLevelStreaming:1]]
[2020.02.02-05.48.46:602][  0]LogConfig: Setting CVar [[s.PriorityAsyncLoadingExtraTime:15.0]]
[2020.02.02-05.48.46:602][  0]LogConfig: Setting CVar [[s.LevelStreamingActorsUpdateTimeLimit:5.0]]
[2020.02.02-05.48.46:602][  0]LogConfig: Setting CVar [[s.PriorityLevelStreamingActorsUpdateExtraTime:5.0]]
[2020.02.02-05.48.46:602][  0]LogConfig: Setting CVar [[s.LevelStreamingComponentsRegistrationGranularity:10]]
[2020.02.02-05.48.46:602][  0]LogConfig: Setting CVar [[s.UnregisterComponentsTimeLimit:1.0]]
[2020.02.02-05.48.46:602][  0]LogConfig: Setting CVar [[s.LevelStreamingComponentsUnregistrationGranularity:5]]
[2020.02.02-05.48.46:602][  0]LogConfig: Applying CVar settings from Section [/Script/Engine.GarbageCollectionSettings] File [C:/Users/usman.baig/Documents/GitHub/GameJam2020/GameJam2020/Saved/Config/Windows/Engine.ini]
[2020.02.02-05.48.46:602][  0]LogConfig: Setting CVar [[gc.MaxObjectsNotConsideredByGC:1]]
[2020.02.02-05.48.46:602][  0]LogConfig: Setting CVar [[gc.SizeOfPermanentObjectPool:0]]
[2020.02.02-05.48.46:602][  0]LogConfig: Setting CVar [[gc.FlushStreamingOnGC:0]]
[2020.02.02-05.48.46:602][  0]LogConfig: Setting CVar [[gc.NumRetriesBeforeForcingGC:10]]
[2020.02.02-05.48.46:602][  0]LogConfig: Setting CVar [[gc.AllowParallelGC:1]]
[2020.02.02-05.48.46:602][  0]LogConfig: Setting CVar [[gc.TimeBetweenPurgingPendingKillObjects:61.1]]
[2020.02.02-05.48.46:602][  0]LogConfig: Setting CVar [[gc.MaxObjectsInEditor:16777216]]
[2020.02.02-05.48.46:602][  0]LogConfig: Setting CVar [[gc.IncrementalBeginDestroyEnabled:1]]
[2020.02.02-05.48.46:602][  0]LogConfig: Setting CVar [[gc.CreateGCClusters:1]]
[2020.02.02-05.48.46:602][  0]LogConfig: Setting CVar [[gc.MinGCClusterSize:5]]
[2020.02.02-05.48.46:602][  0]LogConfig: Setting CVar [[gc.ActorClusteringEnabled:0]]
[2020.02.02-05.48.46:602][  0]LogConfig: Setting CVar [[gc.BlueprintClusteringEnabled:0]]
[2020.02.02-05.48.46:602][  0]LogConfig: Setting CVar [[gc.UseDisregardForGCOnDedicatedServers:0]]
[2020.02.02-05.48.46:602][  0]LogConfig: Applying CVar settings from Section [/Script/Engine.NetworkSettings] File [C:/Users/usman.baig/Documents/GitHub/GameJam2020/GameJam2020/Saved/Config/Windows/Engine.ini]
[2020.02.02-05.48.46:602][  0]LogConfig: Applying CVar settings from Section [/Script/UnrealEd.CookerSettings] File [C:/Users/usman.baig/Documents/GitHub/GameJam2020/GameJam2020/Saved/Config/Windows/Engine.ini]
[2020.02.02-05.48.46:606][  0]LogConfig: Applying CVar settings from Section [ViewDistanceQuality@3] File [C:/Users/usman.baig/Documents/GitHub/GameJam2020/GameJam2020/Saved/Config/Windows/Scalability.ini]
[2020.02.02-05.48.46:606][  0]LogConfig: Setting CVar [[r.SkeletalMeshLODBias:0]]
[2020.02.02-05.48.46:606][  0]LogConfig: Setting CVar [[r.ViewDistanceScale:1.0]]
[2020.02.02-05.48.46:606][  0]LogConfig: Applying CVar settings from Section [AntiAliasingQuality@3] File [C:/Users/usman.baig/Documents/GitHub/GameJam2020/GameJam2020/Saved/Config/Windows/Scalability.ini]
[2020.02.02-05.48.46:606][  0]LogConfig: Setting CVar [[r.PostProcessAAQuality:3]]
[2020.02.02-05.48.46:607][  0]LogConfig: Applying CVar settings from Section [ShadowQuality@3] File [C:/Users/usman.baig/Documents/GitHub/GameJam2020/GameJam2020/Saved/Config/Windows/Scalability.ini]
[2020.02.02-05.48.46:607][  0]LogConfig: Setting CVar [[r.LightFunctionQuality:1]]
[2020.02.02-05.48.46:607][  0]LogConfig: Setting CVar [[r.ShadowQuality:5]]
[2020.02.02-05.48.46:607][  0]LogConfig: Setting CVar [[r.Shadow.CSM.MaxCascades:10]]
[2020.02.02-05.48.46:607][  0]LogConfig: Setting CVar [[r.Shadow.MaxResolution:2048]]
[2020.02.02-05.48.46:607][  0]LogConfig: Setting CVar [[r.Shadow.MaxCSMResolution:2048]]
[2020.02.02-05.48.46:607][  0]LogConfig: Setting CVar [[r.Shadow.RadiusThreshold:0.01]]
[2020.02.02-05.48.46:607][  0]LogConfig: Setting CVar [[r.Shadow.DistanceScale:1.0]]
[2020.02.02-05.48.46:607][  0]LogConfig: Setting CVar [[r.Shadow.CSM.TransitionScale:1.0]]
[2020.02.02-05.48.46:607][  0]LogConfig: Setting CVar [[r.Shadow.PreShadowResolutionFactor:1.0]]
[2020.02.02-05.48.46:607][  0]LogConfig: Setting CVar [[r.DistanceFieldShadowing:1]]
[2020.02.02-05.48.46:607][  0]LogConfig: Setting CVar [[r.DistanceFieldAO:1]]
[2020.02.02-05.48.46:607][  0]LogConfig: Setting CVar [[r.AOQuality:2]]
[2020.02.02-05.48.46:607][  0]LogConfig: Setting CVar [[r.VolumetricFog:1]]
[2020.02.02-05.48.46:607][  0]LogConfig: Setting CVar [[r.VolumetricFog.GridPixelSize:8]]
[2020.02.02-05.48.46:607][  0]LogConfig: Setting CVar [[r.VolumetricFog.GridSizeZ:128]]
[2020.02.02-05.48.46:607][  0]LogConfig: Setting CVar [[r.VolumetricFog.HistoryMissSupersampleCount:4]]
[2020.02.02-05.48.46:607][  0]LogConfig: Setting CVar [[r.LightMaxDrawDistanceScale:1]]
[2020.02.02-05.48.46:607][  0]LogConfig: Setting CVar [[r.CapsuleShadows:1]]
[2020.02.02-05.48.46:607][  0]LogConfig: Applying CVar settings from Section [PostProcessQuality@3] File [C:/Users/usman.baig/Documents/GitHub/GameJam2020/GameJam2020/Saved/Config/Windows/Scalability.ini]
[2020.02.02-05.48.46:607][  0]LogConfig: Setting CVar [[r.MotionBlurQuality:0]]
[2020.02.02-05.48.46:607][  0]LogConfig: Setting CVar [[r.AmbientOcclusionMipLevelFactor:0.4]]
[2020.02.02-05.48.46:607][  0]LogConfig: Setting CVar [[r.AmbientOcclusionMaxQuality:100]]
[2020.02.02-05.48.46:607][  0]LogConfig: Setting CVar [[r.AmbientOcclusionLevels:0]]
[2020.02.02-05.48.46:607][  0]LogConfig: Setting CVar [[r.AmbientOcclusionRadiusScale:1.0]]
[2020.02.02-05.48.46:607][  0]LogConfig: Setting CVar [[r.DepthOfFieldQuality:0]]
[2020.02.02-05.48.46:607][  0]LogConfig: Setting CVar [[r.RenderTargetPoolMin:400]]
[2020.02.02-05.48.46:607][  0]LogConfig: Setting CVar [[r.LensFlareQuality:0]]
[2020.02.02-05.48.46:607][  0]LogConfig: Setting CVar [[r.SceneColorFringeQuality:0]]
[2020.02.02-05.48.46:607][  0]LogConfig: Setting CVar [[r.EyeAdaptationQuality:2]]
[2020.02.02-05.48.46:607][  0]LogConfig: Setting CVar [[r.BloomQuality:1]]
[2020.02.02-05.48.46:607][  0]LogConfig: Setting CVar [[r.FastBlurThreshold:0]]
[2020.02.02-05.48.46:607][  0]LogConfig: Setting CVar [[r.Upscale.Quality:3]]
[2020.02.02-05.48.46:607][  0]LogConfig: Setting CVar [[r.Tonemapper.GrainQuantization:1]]
[2020.02.02-05.48.46:607][  0]LogConfig: Setting CVar [[r.LightShaftQuality:1]]
[2020.02.02-05.48.46:607][  0]LogConfig: Setting CVar [[r.Filter.SizeScale:1]]
[2020.02.02-05.48.46:607][  0]LogConfig: Setting CVar [[r.Tonemapper.Quality:5]]
[2020.02.02-05.48.46:607][  0]LogConfig: Setting CVar [[r.DOF.Gather.AccumulatorQuality:1        ; higher gathering accumulator quality]]
[2020.02.02-05.48.46:607][  0]LogConfig: Setting CVar [[r.DOF.Gather.PostfilterMethod:1          ; Median3x3 postfilering method]]
[2020.02.02-05.48.46:607][  0]LogConfig: Setting CVar [[r.DOF.Gather.EnableBokehSettings:0       ; no bokeh simulation when gathering]]
[2020.02.02-05.48.46:607][  0]LogConfig: Setting CVar [[r.DOF.Gather.RingCount:4                 ; medium number of samples when gathering]]
[2020.02.02-05.48.46:607][  0]LogConfig: Setting CVar [[r.DOF.Scatter.ForegroundCompositing:1    ; additive foreground scattering]]
[2020.02.02-05.48.46:607][  0]LogConfig: Setting CVar [[r.DOF.Scatter.BackgroundCompositing:2    ; additive background scattering]]
[2020.02.02-05.48.46:607][  0]LogConfig: Setting CVar [[r.DOF.Scatter.EnableBokehSettings:1      ; bokeh simulation when scattering]]
[2020.02.02-05.48.46:607][  0]LogConfig: Setting CVar [[r.DOF.Scatter.MaxSpriteRatio:0.1         ; only a maximum of 10% of scattered bokeh]]
[2020.02.02-05.48.46:607][  0]LogConfig: Setting CVar [[r.DOF.Recombine.Quality:1                ; cheap slight out of focus]]
[2020.02.02-05.48.46:607][  0]LogConfig: Setting CVar [[r.DOF.Recombine.EnableBokehSettings:0    ; no bokeh simulation on slight out of focus]]
[2020.02.02-05.48.46:607][  0]LogConfig: Setting CVar [[r.DOF.TemporalAAQuality:1                ; more stable temporal accumulation]]
[2020.02.02-05.48.46:607][  0]LogConfig: Setting CVar [[r.DOF.Kernel.MaxForegroundRadius:0.025]]
[2020.02.02-05.48.46:607][  0]LogConfig: Setting CVar [[r.DOF.Kernel.MaxBackgroundRadius:0.025]]
[2020.02.02-05.48.46:607][  0]LogConfig: Applying CVar settings from Section [TextureQuality@3] File [C:/Users/usman.baig/Documents/GitHub/GameJam2020/GameJam2020/Saved/Config/Windows/Scalability.ini]
[2020.02.02-05.48.46:607][  0]LogConfig: Setting CVar [[r.Streaming.MipBias:0]]
[2020.02.02-05.48.46:607][  0]LogConfig: Setting CVar [[r.Streaming.AmortizeCPUToGPUCopy:0]]
[2020.02.02-05.48.46:607][  0]LogConfig: Setting CVar [[r.Streaming.MaxNumTexturesToStreamPerFrame:0]]
[2020.02.02-05.48.46:607][  0]LogConfig: Setting CVar [[r.Streaming.Boost:1]]
[2020.02.02-05.48.46:607][  0]LogConfig: Setting CVar [[r.MaxAnisotropy:8]]
[2020.02.02-05.48.46:607][  0]LogConfig: Setting CVar [[r.Streaming.LimitPoolSizeToVRAM:0]]
[2020.02.02-05.48.46:607][  0]LogConfig: Setting CVar [[r.Streaming.PoolSize:1000]]
[2020.02.02-05.48.46:607][  0]LogConfig: Setting CVar [[r.Streaming.MaxEffectiveScreenSize:0]]
[2020.02.02-05.48.46:607][  0]LogConfig: Applying CVar settings from Section [EffectsQuality@3] File [C:/Users/usman.baig/Documents/GitHub/GameJam2020/GameJam2020/Saved/Config/Windows/Scalability.ini]
[2020.02.02-05.48.46:607][  0]LogConfig: Setting CVar [[r.TranslucencyLightingVolumeDim:4]]
[2020.02.02-05.48.46:607][  0]LogConfig: Setting CVar [[r.RefractionQuality:2]]
[2020.02.02-05.48.46:607][  0]LogConfig: Setting CVar [[r.SSR.Quality:0]]
[2020.02.02-05.48.46:607][  0]LogConfig: Setting CVar [[r.SceneColorFormat:2]]
[2020.02.02-05.48.46:607][  0]LogConfig: Setting CVar [[r.DetailMode:2]]
[2020.02.02-05.48.46:607][  0]LogConfig: Setting CVar [[r.TranslucencyVolumeBlur:0]]
[2020.02.02-05.48.46:607][  0]LogConfig: Setting CVar [[r.MaterialQualityLevel:1 ; High quality]]
[2020.02.02-05.48.46:607][  0]LogConfig: Setting CVar [[r.SSS.Scale:1]]
[2020.02.02-05.48.46:607][  0]LogConfig: Setting CVar [[r.SSS.SampleSet:2]]
[2020.02.02-05.48.46:607][  0]LogConfig: Setting CVar [[r.SSS.Quality:1]]
[2020.02.02-05.48.46:607][  0]LogConfig: Setting CVar [[r.SSS.HalfRes:1]]
[2020.02.02-05.48.46:607][  0]LogConfig: Setting CVar [[r.EmitterSpawnRateScale:1.0]]
[2020.02.02-05.48.46:607][  0]LogConfig: Setting CVar [[r.ParticleLightQuality:2]]
[2020.02.02-05.48.46:607][  0]LogConfig: Applying CVar settings from Section [FoliageQuality@3] File [C:/Users/usman.baig/Documents/GitHub/GameJam2020/GameJam2020/Saved/Config/Windows/Scalability.ini]
[2020.02.02-05.48.46:607][  0]LogConfig: Setting CVar [[foliage.DensityScale:1.0]]
[2020.02.02-05.48.46:607][  0]LogConfig: Setting CVar [[grass.DensityScale:1.0]]
[2020.02.02-05.48.46:607][  0]LogInit: Selected Device Profile: [Windows]
[2020.02.02-05.48.46:607][  0]LogInit: Applying CVar settings loaded from the selected device profile: [Windows]
[2020.02.02-05.48.46:616][  0]LogHAL: Display: Platform has ~ 32 GB [34280464384 / 34359738368 / 32], which maps to Largest [LargestMinGB=32, LargerMinGB=12, DefaultMinGB=8, SmallerMinGB=6, SmallestMinGB=0)
[2020.02.02-05.48.46:616][  0]LogInit: Going up to parent DeviceProfile []
[2020.02.02-05.48.46:616][  0]LogConfig: Applying CVar settings from Section [ViewDistanceQuality@3] File [C:/Users/usman.baig/Documents/GitHub/GameJam2020/GameJam2020/Saved/Config/Windows/Scalability.ini]
[2020.02.02-05.48.46:616][  0]LogConfig: Setting CVar [[r.SkeletalMeshLODBias:0]]
[2020.02.02-05.48.46:616][  0]LogConfig: Setting CVar [[r.ViewDistanceScale:1.0]]
[2020.02.02-05.48.46:616][  0]LogConfig: Applying CVar settings from Section [AntiAliasingQuality@3] File [C:/Users/usman.baig/Documents/GitHub/GameJam2020/GameJam2020/Saved/Config/Windows/Scalability.ini]
[2020.02.02-05.48.46:616][  0]LogConfig: Setting CVar [[r.PostProcessAAQuality:3]]
[2020.02.02-05.48.46:616][  0]LogConfig: Applying CVar settings from Section [ShadowQuality@3] File [C:/Users/usman.baig/Documents/GitHub/GameJam2020/GameJam2020/Saved/Config/Windows/Scalability.ini]
[2020.02.02-05.48.46:616][  0]LogConfig: Setting CVar [[r.LightFunctionQuality:1]]
[2020.02.02-05.48.46:616][  0]LogConfig: Setting CVar [[r.ShadowQuality:5]]
[2020.02.02-05.48.46:616][  0]LogConfig: Setting CVar [[r.Shadow.CSM.MaxCascades:10]]
[2020.02.02-05.48.46:616][  0]LogConfig: Setting CVar [[r.Shadow.MaxResolution:2048]]
[2020.02.02-05.48.46:616][  0]LogConfig: Setting CVar [[r.Shadow.MaxCSMResolution:2048]]
[2020.02.02-05.48.46:616][  0]LogConfig: Setting CVar [[r.Shadow.RadiusThreshold:0.01]]
[2020.02.02-05.48.46:616][  0]LogConfig: Setting CVar [[r.Shadow.DistanceScale:1.0]]
[2020.02.02-05.48.46:616][  0]LogConfig: Setting CVar [[r.Shadow.CSM.TransitionScale:1.0]]
[2020.02.02-05.48.46:616][  0]LogConfig: Setting CVar [[r.Shadow.PreShadowResolutionFactor:1.0]]
[2020.02.02-05.48.46:616][  0]LogConfig: Setting CVar [[r.DistanceFieldShadowing:1]]
[2020.02.02-05.48.46:616][  0]LogConfig: Setting CVar [[r.DistanceFieldAO:1]]
[2020.02.02-05.48.46:616][  0]LogConfig: Setting CVar [[r.AOQuality:2]]
[2020.02.02-05.48.46:616][  0]LogConfig: Setting CVar [[r.VolumetricFog:1]]
[2020.02.02-05.48.46:616][  0]LogConfig: Setting CVar [[r.VolumetricFog.GridPixelSize:8]]
[2020.02.02-05.48.46:616][  0]LogConfig: Setting CVar [[r.VolumetricFog.GridSizeZ:128]]
[2020.02.02-05.48.46:616][  0]LogConfig: Setting CVar [[r.VolumetricFog.HistoryMissSupersampleCount:4]]
[2020.02.02-05.48.46:616][  0]LogConfig: Setting CVar [[r.LightMaxDrawDistanceScale:1]]
[2020.02.02-05.48.46:616][  0]LogConfig: Setting CVar [[r.CapsuleShadows:1]]
[2020.02.02-05.48.46:616][  0]LogConfig: Applying CVar settings from Section [PostProcessQuality@3] File [C:/Users/usman.baig/Documents/GitHub/GameJam2020/GameJam2020/Saved/Config/Windows/Scalability.ini]
[2020.02.02-05.48.46:616][  0]LogConfig: Setting CVar [[r.MotionBlurQuality:0]]
[2020.02.02-05.48.46:616][  0]LogConfig: Setting CVar [[r.AmbientOcclusionMipLevelFactor:0.4]]
[2020.02.02-05.48.46:616][  0]LogConfig: Setting CVar [[r.AmbientOcclusionMaxQuality:100]]
[2020.02.02-05.48.46:616][  0]LogConfig: Setting CVar [[r.AmbientOcclusionLevels:0]]
[2020.02.02-05.48.46:616][  0]LogConfig: Setting CVar [[r.AmbientOcclusionRadiusScale:1.0]]
[2020.02.02-05.48.46:616][  0]LogConfig: Setting CVar [[r.DepthOfFieldQuality:0]]
[2020.02.02-05.48.46:616][  0]LogConfig: Setting CVar [[r.RenderTargetPoolMin:400]]
[2020.02.02-05.48.46:616][  0]LogConfig: Setting CVar [[r.LensFlareQuality:0]]
[2020.02.02-05.48.46:616][  0]LogConfig: Setting CVar [[r.SceneColorFringeQuality:0]]
[2020.02.02-05.48.46:616][  0]LogConfig: Setting CVar [[r.EyeAdaptationQuality:2]]
[2020.02.02-05.48.46:616][  0]LogConfig: Setting CVar [[r.BloomQuality:1]]
[2020.02.02-05.48.46:616][  0]LogConfig: Setting CVar [[r.FastBlurThreshold:0]]
[2020.02.02-05.48.46:616][  0]LogConfig: Setting CVar [[r.Upscale.Quality:3]]
[2020.02.02-05.48.46:616][  0]LogConfig: Setting CVar [[r.Tonemapper.GrainQuantization:1]]
[2020.02.02-05.48.46:616][  0]LogConfig: Setting CVar [[r.LightShaftQuality:1]]
[2020.02.02-05.48.46:617][  0]LogConfig: Setting CVar [[r.Filter.SizeScale:1]]
[2020.02.02-05.48.46:617][  0]LogConfig: Setting CVar [[r.Tonemapper.Quality:5]]
[2020.02.02-05.48.46:617][  0]LogConfig: Setting CVar [[r.DOF.Gather.AccumulatorQuality:1        ; higher gathering accumulator quality]]
[2020.02.02-05.48.46:617][  0]LogConfig: Setting CVar [[r.DOF.Gather.PostfilterMethod:1          ; Median3x3 postfilering method]]
[2020.02.02-05.48.46:617][  0]LogConfig: Setting CVar [[r.DOF.Gather.EnableBokehSettings:0       ; no bokeh simulation when gathering]]
[2020.02.02-05.48.46:617][  0]LogConfig: Setting CVar [[r.DOF.Gather.RingCount:4                 ; medium number of samples when gathering]]
[2020.02.02-05.48.46:617][  0]LogConfig: Setting CVar [[r.DOF.Scatter.ForegroundCompositing:1    ; additive foreground scattering]]
[2020.02.02-05.48.46:617][  0]LogConfig: Setting CVar [[r.DOF.Scatter.BackgroundCompositing:2    ; additive background scattering]]
[2020.02.02-05.48.46:617][  0]LogConfig: Setting CVar [[r.DOF.Scatter.EnableBokehSettings:1      ; bokeh simulation when scattering]]
[2020.02.02-05.48.46:617][  0]LogConfig: Setting CVar [[r.DOF.Scatter.MaxSpriteRatio:0.1         ; only a maximum of 10% of scattered bokeh]]
[2020.02.02-05.48.46:617][  0]LogConfig: Setting CVar [[r.DOF.Recombine.Quality:1                ; cheap slight out of focus]]
[2020.02.02-05.48.46:617][  0]LogConfig: Setting CVar [[r.DOF.Recombine.EnableBokehSettings:0    ; no bokeh simulation on slight out of focus]]
[2020.02.02-05.48.46:617][  0]LogConfig: Setting CVar [[r.DOF.TemporalAAQuality:1                ; more stable temporal accumulation]]
[2020.02.02-05.48.46:617][  0]LogConfig: Setting CVar [[r.DOF.Kernel.MaxForegroundRadius:0.025]]
[2020.02.02-05.48.46:617][  0]LogConfig: Setting CVar [[r.DOF.Kernel.MaxBackgroundRadius:0.025]]
[2020.02.02-05.48.46:617][  0]LogConfig: Applying CVar settings from Section [TextureQuality@3] File [C:/Users/usman.baig/Documents/GitHub/GameJam2020/GameJam2020/Saved/Config/Windows/Scalability.ini]
[2020.02.02-05.48.46:617][  0]LogConfig: Setting CVar [[r.Streaming.MipBias:0]]
[2020.02.02-05.48.46:617][  0]LogConfig: Setting CVar [[r.Streaming.AmortizeCPUToGPUCopy:0]]
[2020.02.02-05.48.46:617][  0]LogConfig: Setting CVar [[r.Streaming.MaxNumTexturesToStreamPerFrame:0]]
[2020.02.02-05.48.46:617][  0]LogConfig: Setting CVar [[r.Streaming.Boost:1]]
[2020.02.02-05.48.46:617][  0]LogConfig: Setting CVar [[r.MaxAnisotropy:8]]
[2020.02.02-05.48.46:617][  0]LogConfig: Setting CVar [[r.Streaming.LimitPoolSizeToVRAM:0]]
[2020.02.02-05.48.46:617][  0]LogConfig: Setting CVar [[r.Streaming.PoolSize:1000]]
[2020.02.02-05.48.46:617][  0]LogConfig: Setting CVar [[r.Streaming.MaxEffectiveScreenSize:0]]
[2020.02.02-05.48.46:617][  0]LogConfig: Applying CVar settings from Section [EffectsQuality@3] File [C:/Users/usman.baig/Documents/GitHub/GameJam2020/GameJam2020/Saved/Config/Windows/Scalability.ini]
[2020.02.02-05.48.46:617][  0]LogConfig: Setting CVar [[r.TranslucencyLightingVolumeDim:4]]
[2020.02.02-05.48.46:617][  0]LogConfig: Setting CVar [[r.RefractionQuality:2]]
[2020.02.02-05.48.46:617][  0]LogConfig: Setting CVar [[r.SSR.Quality:0]]
[2020.02.02-05.48.46:617][  0]LogConfig: Setting CVar [[r.SceneColorFormat:2]]
[2020.02.02-05.48.46:617][  0]LogConfig: Setting CVar [[r.DetailMode:2]]
[2020.02.02-05.48.46:617][  0]LogConfig: Setting CVar [[r.TranslucencyVolumeBlur:0]]
[2020.02.02-05.48.46:617][  0]LogConfig: Setting CVar [[r.MaterialQualityLevel:1 ; High quality]]
[2020.02.02-05.48.46:617][  0]LogConfig: Setting CVar [[r.SSS.Scale:1]]
[2020.02.02-05.48.46:617][  0]LogConfig: Setting CVar [[r.SSS.SampleSet:2]]
[2020.02.02-05.48.46:617][  0]LogConfig: Setting CVar [[r.SSS.Quality:1]]
[2020.02.02-05.48.46:617][  0]LogConfig: Setting CVar [[r.SSS.HalfRes:1]]
[2020.02.02-05.48.46:617][  0]LogConfig: Setting CVar [[r.EmitterSpawnRateScale:1.0]]
[2020.02.02-05.48.46:617][  0]LogConfig: Setting CVar [[r.ParticleLightQuality:2]]
[2020.02.02-05.48.46:617][  0]LogConfig: Applying CVar settings from Section [FoliageQuality@3] File [C:/Users/usman.baig/Documents/GitHub/GameJam2020/GameJam2020/Saved/Config/Windows/Scalability.ini]
[2020.02.02-05.48.46:617][  0]LogConfig: Setting CVar [[foliage.DensityScale:1.0]]
[2020.02.02-05.48.46:617][  0]LogConfig: Setting CVar [[grass.DensityScale:1.0]]
[2020.02.02-05.48.46:617][  0]LogConfig: Applying CVar settings from Section [Startup] File [../../../Engine/Config/ConsoleVariables.ini]
[2020.02.02-05.48.46:617][  0]LogConfig: Setting CVar [[net.UseAdaptiveNetUpdateFrequency:0]]
[2020.02.02-05.48.46:617][  0]LogConfig: Setting CVar [[p.chaos.AllowCreatePhysxBodies:1]]
[2020.02.02-05.48.46:617][  0]LogConfig: Applying CVar settings from Section [ConsoleVariables] File [C:/Users/usman.baig/Documents/GitHub/GameJam2020/GameJam2020/Saved/Config/Windows/Engine.ini]
[2020.02.02-05.48.46:617][  0]LogInit: Computer: N209-011
[2020.02.02-05.48.46:617][  0]LogInit: User: usmanbaig
[2020.02.02-05.48.46:617][  0]LogInit: CPU Page size=4096, Cores=4
[2020.02.02-05.48.46:617][  0]LogInit: High frequency timer resolution =10.000000 MHz
[2020.02.02-05.48.46:618][  0]LogMemory: Memory total: Physical=31.9GB (32GB approx)
[2020.02.02-05.48.46:618][  0]LogMemory: Platform Memory Stats for Windows
[2020.02.02-05.48.46:618][  0]LogMemory: Process Physical Memory: 102.80 MB used, 102.80 MB peak
[2020.02.02-05.48.46:618][  0]LogMemory: Process Virtual Memory: 102.74 MB used, 102.74 MB peak
[2020.02.02-05.48.46:618][  0]LogMemory: Physical Memory: 6924.61 MB used,  25767.79 MB free, 32692.40 MB total
[2020.02.02-05.48.46:618][  0]LogMemory: Virtual Memory: 4685.35 MB used,  134213040.00 MB free, 134217728.00 MB total
[2020.02.02-05.48.46:620][  0]LogWindows: WindowsPlatformFeatures enabled
[2020.02.02-05.48.46:740][  0]LogInit: Using OS detected language (en-US).
[2020.02.02-05.48.46:740][  0]LogInit: Using OS detected locale (en-US).
[2020.02.02-05.48.46:740][  0]LogTextLocalizationManager: No specific localization for 'en-US' exists, so the 'en' localization will be used.
[2020.02.02-05.48.46:953][  0]LogInit: Setting process to per monitor DPI aware
[2020.02.02-05.48.47:013][  0]LogSlate: New Slate User Created.  User Index 0, Is Virtual User: 0
[2020.02.02-05.48.47:013][  0]LogSlate: Slate User Registered.  User Index 0, Is Virtual User: 0
[2020.02.02-05.48.48:894][  0]LogHMD: Failed to initialize OpenVR with code 110
[2020.02.02-05.48.48:894][  0]LogD3D11RHI: D3D11 adapters:
[2020.02.02-05.48.48:957][  0]LogD3D11RHI:    0. 'NVIDIA Quadro K4200' (Feature Level 11_0)
[2020.02.02-05.48.48:957][  0]LogD3D11RHI:       4052/0/16346 MB DedicatedVideo/DedicatedSystem/SharedSystem, Outputs:1, VendorId:0x10de
[2020.02.02-05.48.48:960][  0]LogD3D11RHI:    1. 'Microsoft Basic Render Driver' (Feature Level 11_0)
[2020.02.02-05.48.48:960][  0]LogD3D11RHI:       0/0/16346 MB DedicatedVideo/DedicatedSystem/SharedSystem, Outputs:0, VendorId:0x1414
[2020.02.02-05.48.48:960][  0]LogD3D11RHI: Chosen D3D11 Adapter: 0
[2020.02.02-05.48.48:966][  0]LogD3D11RHI: Creating new Direct3DDevice
[2020.02.02-05.48.48:966][  0]LogD3D11RHI:     GPU DeviceId: 0x11b4 (for the marketing name, search the web for "GPU Device Id")
[2020.02.02-05.48.48:966][  0]LogWindows: EnumDisplayDevices:
[2020.02.02-05.48.48:966][  0]LogWindows:    0. 'NVIDIA Quadro K4200' (P:1 D:1)
[2020.02.02-05.48.48:966][  0]LogWindows:    1. 'NVIDIA Quadro K4200' (P:0 D:0)
[2020.02.02-05.48.48:966][  0]LogWindows:    2. 'NVIDIA Quadro K4200' (P:0 D:0)
[2020.02.02-05.48.48:966][  0]LogWindows:    3. 'NVIDIA Quadro K4200' (P:0 D:0)
[2020.02.02-05.48.48:967][  0]LogWindows: DebugString: FoundDriverCount:4 
[2020.02.02-05.48.48:967][  0]LogD3D11RHI:     Adapter Name: NVIDIA Quadro K4200
[2020.02.02-05.48.48:967][  0]LogD3D11RHI:   Driver Version: 441.66 (internal:26.21.14.4166, unified:441.66)
[2020.02.02-05.48.48:967][  0]LogD3D11RHI:      Driver Date: 12-6-2019
[2020.02.02-05.48.48:967][  0]LogRHI: Texture pool is 2836 MB (70% of 4052 MB)
[2020.02.02-05.48.49:013][  0]LogD3D11RHI: Async texture creation enabled
[2020.02.02-05.48.49:026][  0]LogD3D11RHI: GPU Timing Frequency: 1000.000000 (Debug: 2 1)
[2020.02.02-05.48.49:373][  0]LogTemp: Display: Module 'AllDesktopTargetPlatform' loaded TargetPlatform 'AllDesktop'
[2020.02.02-05.48.49:382][  0]LogTemp: Display: Module 'MacClientTargetPlatform' loaded TargetPlatform 'MacClient'
[2020.02.02-05.48.49:391][  0]LogTemp: Display: Module 'MacNoEditorTargetPlatform' loaded TargetPlatform 'MacNoEditor'
[2020.02.02-05.48.49:400][  0]LogTemp: Display: Module 'MacServerTargetPlatform' loaded TargetPlatform 'MacServer'
[2020.02.02-05.48.49:413][  0]LogTemp: Display: Module 'MacTargetPlatform' loaded TargetPlatform 'Mac'
[2020.02.02-05.48.49:422][  0]LogTemp: Display: Module 'WindowsClientTargetPlatform' loaded TargetPlatform 'WindowsClient'
[2020.02.02-05.48.49:431][  0]LogTemp: Display: Module 'WindowsNoEditorTargetPlatform' loaded TargetPlatform 'WindowsNoEditor'
[2020.02.02-05.48.49:440][  0]LogTemp: Display: Module 'WindowsServerTargetPlatform' loaded TargetPlatform 'WindowsServer'
[2020.02.02-05.48.49:445][  0]LogTemp: Display: Module 'WindowsTargetPlatform' loaded TargetPlatform 'Windows'
[2020.02.02-05.48.49:484][  0]LogTemp: Display: Module 'AndroidTargetPlatform' loaded TargetPlatform 'Android'
[2020.02.02-05.48.49:484][  0]LogTemp: Display: Module 'AndroidTargetPlatform' loaded TargetPlatform 'Android_ASTC'
[2020.02.02-05.48.49:484][  0]LogTemp: Display: Module 'AndroidTargetPlatform' loaded TargetPlatform 'Android_ATC'
[2020.02.02-05.48.49:484][  0]LogTemp: Display: Module 'AndroidTargetPlatform' loaded TargetPlatform 'Android_DXT'
[2020.02.02-05.48.49:484][  0]LogTemp: Display: Module 'AndroidTargetPlatform' loaded TargetPlatform 'Android_ETC1'
[2020.02.02-05.48.49:484][  0]LogTemp: Display: Module 'AndroidTargetPlatform' loaded TargetPlatform 'Android_ETC1a'
[2020.02.02-05.48.49:484][  0]LogTemp: Display: Module 'AndroidTargetPlatform' loaded TargetPlatform 'Android_ETC2'
[2020.02.02-05.48.49:484][  0]LogTemp: Display: Module 'AndroidTargetPlatform' loaded TargetPlatform 'Android_PVRTC'
[2020.02.02-05.48.49:484][  0]LogTemp: Display: Module 'AndroidTargetPlatform' loaded TargetPlatform 'AndroidClient'
[2020.02.02-05.48.49:484][  0]LogTemp: Display: Module 'AndroidTargetPlatform' loaded TargetPlatform 'Android_ASTCClient'
[2020.02.02-05.48.49:484][  0]LogTemp: Display: Module 'AndroidTargetPlatform' loaded TargetPlatform 'Android_ATCClient'
[2020.02.02-05.48.49:484][  0]LogTemp: Display: Module 'AndroidTargetPlatform' loaded TargetPlatform 'Android_DXTClient'
[2020.02.02-05.48.49:484][  0]LogTemp: Display: Module 'AndroidTargetPlatform' loaded TargetPlatform 'Android_ETC1Client'
[2020.02.02-05.48.49:484][  0]LogTemp: Display: Module 'AndroidTargetPlatform' loaded TargetPlatform 'Android_ETC1aClient'
[2020.02.02-05.48.49:484][  0]LogTemp: Display: Module 'AndroidTargetPlatform' loaded TargetPlatform 'Android_ETC2Client'
[2020.02.02-05.48.49:484][  0]LogTemp: Display: Module 'AndroidTargetPlatform' loaded TargetPlatform 'Android_PVRTCClient'
[2020.02.02-05.48.49:484][  0]LogTemp: Display: Module 'AndroidTargetPlatform' loaded TargetPlatform 'Android_Multi'
[2020.02.02-05.48.49:484][  0]LogTemp: Display: Module 'AndroidTargetPlatform' loaded TargetPlatform 'Android_MultiClient'
[2020.02.02-05.48.49:486][  0]LogTemp: Display: Module 'HTML5TargetPlatform' loaded TargetPlatform 'HTML5'
[2020.02.02-05.48.49:512][  0]LogTemp: Display: Module 'IOSTargetPlatform' loaded TargetPlatform 'IOSClient'
[2020.02.02-05.48.49:512][  0]LogTemp: Display: Module 'IOSTargetPlatform' loaded TargetPlatform 'IOS'
[2020.02.02-05.48.49:526][  0]LogTemp: Display: Module 'TVOSTargetPlatform' loaded TargetPlatform 'TVOSClient'
[2020.02.02-05.48.49:526][  0]LogTemp: Display: Module 'TVOSTargetPlatform' loaded TargetPlatform 'TVOS'
[2020.02.02-05.48.49:533][  0]LogTemp: Display: Module 'LinuxClientTargetPlatform' loaded TargetPlatform 'LinuxClient'
[2020.02.02-05.48.49:540][  0]LogTemp: Display: Module 'LinuxNoEditorTargetPlatform' loaded TargetPlatform 'LinuxNoEditor'
[2020.02.02-05.48.49:547][  0]LogTemp: Display: Module 'LinuxServerTargetPlatform' loaded TargetPlatform 'LinuxServer'
[2020.02.02-05.48.49:561][  0]LogTemp: Display: Module 'LinuxTargetPlatform' loaded TargetPlatform 'Linux'
[2020.02.02-05.48.49:590][  0]LogTemp: Display: Module 'LuminTargetPlatform' loaded TargetPlatform 'Lumin'
[2020.02.02-05.48.49:590][  0]LogTemp: Display: Module 'LuminTargetPlatform' loaded TargetPlatform 'LuminClient'
[2020.02.02-05.48.49:590][  0]LogTargetPlatformManager: Display: Building Assets For Windows
[2020.02.02-05.48.49:630][  0]LogAudioDebug: Display: Lib vorbis DLL was dynamically loaded.
[2020.02.02-05.48.49:707][  0]LogShaderCompilers: Guid format shader working directory is -25 characters bigger than the processId version (../../../../../../Users/usman.baig/Documents/GitHub/GameJam2020/GameJam2020/Intermediate/Shaders/WorkingDirectory/15064/).
[2020.02.02-05.48.49:707][  0]LogShaderCompilers: Cleaned the shader compiler working directory 'C:/Users/usman.baig/AppData/Local/Temp/UnrealShaderWorkingDir/B1E35C27476956EC345A61A734C7BE37/'.
[2020.02.02-05.48.49:710][  0]LogXGEController: Cleaning working directory: C:/Users/usman.baig/AppData/Local/Temp/UnrealXGEWorkingDir/
[2020.02.02-05.48.49:710][  0]LogXGEController: Cannot use XGE Controller as Incredibuild is not installed on this machine.
[2020.02.02-05.48.49:710][  0]LogShaderCompilers: Cannot use XGE Shader Compiler as Incredibuild is not installed on this machine.
[2020.02.02-05.48.49:710][  0]LogShaderCompilers: Display: Using Local Shader Compiler.
[2020.02.02-05.48.50:334][  0]LogDerivedDataCache: Display: Max Cache Size: 512 MB
[2020.02.02-05.48.50:393][  0]LogDerivedDataCache: Loaded boot cache 0.06s 90MB C:/Users/usman.baig/AppData/Local/UnrealEngine/4.23/DerivedDataCache/Boot.ddc.
[2020.02.02-05.48.50:393][  0]LogDerivedDataCache: Display: Loaded Boot cache: C:/Users/usman.baig/AppData/Local/UnrealEngine/4.23/DerivedDataCache/Boot.ddc
[2020.02.02-05.48.50:393][  0]LogDerivedDataCache: FDerivedDataBackendGraph:  Pak pak cache file ../../../../../../Users/usman.baig/Documents/GitHub/GameJam2020/GameJam2020/DerivedDataCache/DDC.ddp not found, will not use a pak cache.
[2020.02.02-05.48.50:393][  0]LogDerivedDataCache: Unable to find inner node Pak for hierarchical cache Hierarchy.
[2020.02.02-05.48.50:393][  0]LogDerivedDataCache: FDerivedDataBackendGraph:  CompressedPak pak cache file ../../../../../../Users/usman.baig/Documents/GitHub/GameJam2020/GameJam2020/DerivedDataCache/Compressed.ddp not found, will not use a pak cache.
[2020.02.02-05.48.50:393][  0]LogDerivedDataCache: Unable to find inner node CompressedPak for hierarchical cache Hierarchy.
[2020.02.02-05.48.50:410][  0]LogDerivedDataCache: Display: Pak cache opened for reading ../../../Engine/DerivedDataCache/Compressed.ddp.
[2020.02.02-05.48.50:410][  0]LogDerivedDataCache: FDerivedDataBackendGraph:  EnterprisePak pak cache file ../../../Enterprise/DerivedDataCache/Compressed.ddp not found, will not use a pak cache.
[2020.02.02-05.48.50:410][  0]LogDerivedDataCache: Unable to find inner node EnterprisePak for hierarchical cache Hierarchy.
[2020.02.02-05.48.50:411][  0]LogDerivedDataCache: Using Local data cache path C:/Users/usman.baig/AppData/Local/UnrealEngine/Common/DerivedDataCache: Writable
[2020.02.02-05.48.50:411][  0]LogDerivedDataCache: Shared data cache path not found in *engine.ini, will not use an Shared cache.
[2020.02.02-05.48.50:411][  0]LogDerivedDataCache: Unable to find inner node Shared for hierarchical cache Hierarchy.
[2020.02.02-05.48.50:436][  0]LogMaterial: Verifying Global Shaders for PCD3D_SM5
[2020.02.02-05.48.50:439][  0]LogSlate: Using FreeType 2.6.0
[2020.02.02-05.48.50:452][  0]LogSlate: SlateFontServices - WITH_FREETYPE: 1, WITH_HARFBUZZ: 1
[2020.02.02-05.48.50:625][  0]LogAssetRegistry: FAssetRegistry took 0.0024 seconds to start up
[2020.02.02-05.48.50:894][  0]LogInit: Selected Device Profile: [Windows]
[2020.02.02-05.48.51:120][  0]LogMeshReduction: Using QuadricMeshReduction for automatic static mesh reduction
[2020.02.02-05.48.51:120][  0]LogMeshReduction: Using SimplygonMeshReduction for automatic skeletal mesh reduction
[2020.02.02-05.48.51:120][  0]LogMeshReduction: Using ProxyLODMeshReduction for automatic mesh merging
[2020.02.02-05.48.51:120][  0]LogMeshReduction: No distributed automatic mesh merging module available
[2020.02.02-05.48.51:120][  0]LogMeshMerging: No distributed automatic mesh merging module available
[2020.02.02-05.48.51:147][  0]LogNetVersion: GameJam2020 1.0.0, NetCL: 8386587, EngineNetVer: 11, GameNetVer: 0 (Checksum: 1723651246)
[2020.02.02-05.48.52:029][  0]LogPackageLocalizationCache: Processed 13 localized package path(s) for 1 prioritized culture(s) in 0.054469 seconds
[2020.02.02-05.48.52:037][  0]LogUObjectArray: 43444 objects as part of root set at end of initial load.
[2020.02.02-05.48.52:037][  0]LogUObjectAllocator: 7548648 out of 0 bytes used by permanent object pool.
[2020.02.02-05.48.52:037][  0]LogUObjectArray: CloseDisregardForGC: 0/0 objects in disregard for GC pool
[2020.02.02-05.48.54:247][  0]LogTcpMessaging: Initializing TcpMessaging bridge
[2020.02.02-05.48.54:250][  0]LogUdpMessaging: Initializing bridge on interface 0.0.0.0:0 to multicast group 230.0.0.1:6666.
[2020.02.02-05.48.54:288][  0]LogSteamAudio: FSteamAudioModule Startup
[2020.02.02-05.48.54:288][  0]LogSteamAudio: Display: Attempting to load ../../../Engine/Binaries/ThirdParty/Phonon/Win64/tanrt64.dll
[2020.02.02-05.48.54:302][  0]LogSteamAudio: Display: Loaded ../../../Engine/Binaries/ThirdParty/Phonon/Win64/tanrt64.dll.
[2020.02.02-05.48.54:302][  0]LogSteamAudio: Display: Attempting to load ../../../Engine/Binaries/ThirdParty/Phonon/Win64/GPUUtilities.dll
[2020.02.02-05.48.54:313][  0]LogSteamAudio: Display: Loaded ../../../Engine/Binaries/ThirdParty/Phonon/Win64/GPUUtilities.dll.
[2020.02.02-05.48.54:313][  0]LogSteamAudio: Display: Attempting to load ../../../Engine/Binaries/ThirdParty/Phonon/Win64/phonon.dll
[2020.02.02-05.48.54:341][  0]LogSteamAudio: Display: Loaded ../../../Engine/Binaries/ThirdParty/Phonon/Win64/phonon.dll.
[2020.02.02-05.48.54:373][  0]SourceControl: Source control is disabled
[2020.02.02-05.48.54:374][  0]SourceControl: Source control is disabled
[2020.02.02-05.48.54:375][  0]SourceControl: Source control is disabled
[2020.02.02-05.48.54:376][  0]SourceControl: Source control is disabled
[2020.02.02-05.48.54:521][  0]LogAndroidPermission: UAndroidPermissionCallbackProxy::GetInstance
[2020.02.02-05.48.54:639][  0]LogOcInput: OculusInput pre-init called
[2020.02.02-05.48.54:645][  0]LogWindows: Failed to load 'OVRPlugin.dll' (GetLastError=126)
[2020.02.02-05.48.54:645][  0]LogWindows: File 'OVRPlugin.dll' does not exist
[2020.02.02-05.48.54:747][  0]LogEngine: Initializing Engine...
[2020.02.02-05.48.54:748][  0]LogHMD: Failed to initialize OpenVR with code 110
[2020.02.02-05.48.54:749][  0]LogStats: UGameplayTagsManager::InitializeManager -  0.000 s
[2020.02.02-05.48.55:146][  0]LogInit: Initializing FReadOnlyCVARCache
[2020.02.02-05.48.55:160][  0]LogAIModule: Creating AISystem for world Untitled
[2020.02.02-05.48.55:168][  0]LogInit: XAudio2 using 'Speakers / Headphones (Realtek Audio)' : 2 channels at 48 kHz using 32 bits per sample (channel mask 0x3)
[2020.02.02-05.48.55:318][  0]LogInit: FAudioDevice initialized.
[2020.02.02-05.48.55:318][  0]LogNetVersion: Set ProjectVersion to 1.0.0.0. Version Checksum will be recalculated on next use.
[2020.02.02-05.48.55:750][  0]LogDerivedDataCache: Saved boot cache 0.43s 74MB C:/Users/usman.baig/AppData/Local/UnrealEngine/4.23/DerivedDataCache/Boot.ddc.
[2020.02.02-05.48.55:765][  0]LogInit: Texture streaming: Enabled
[2020.02.02-05.48.55:785][  0]LogEngineSessionManager: EngineSessionManager initialized
[2020.02.02-05.48.55:785][  0]LogEditorSessionSummary: Verbose: Initializing EditorSessionSummaryWriter for editor session tracking
[2020.02.02-05.48.55:786][  0]LogEditorSessionSummary: EditorSessionSummaryWriter initialized
[2020.02.02-05.48.55:858][  0]LogInit: Transaction tracking system initialized
[2020.02.02-05.48.55:889][  0]BlueprintLog: New page: Editor Load
[2020.02.02-05.48.55:976][  0]LocalizationService: Localization service is disabled
[2020.02.02-05.48.56:504][  0]LogCook: Display: Max memory allowance for cook 16384mb min free memory 0mb
[2020.02.02-05.48.56:504][  0]LogCook: Display: Mobile HDR setting 1
[2020.02.02-05.48.56:838][  0]LogFileCache: Scanning file cache for directory 'C:/Users/usman.baig/Documents/GitHub/GameJam2020/GameJam2020/Content/' took 0.02s
[2020.02.02-05.48.56:838][  0]SourceControl: Source control is disabled
[2020.02.02-05.48.56:838][  0]Cmd: MAP LOAD FILE="../../../../../../Users/usman.baig/Documents/GitHub/GameJam2020/GameJam2020/Content/VirtualRealityBP/Maps/StartupMap.umap" TEMPLATE=0 SHOWPROGRESS=1 FEATURELEVEL=3
[2020.02.02-05.48.56:843][  0]LightingResults: New page: Lighting Build
[2020.02.02-05.48.56:846][  0]LogWorld: UWorld::CleanupWorld for Untitled, bSessionEnded=true, bCleanupResources=true
[2020.02.02-05.48.56:846][  0]MapCheck: New page: Map Check
[2020.02.02-05.48.56:846][  0]LightingResults: New page: Lighting Build
[2020.02.02-05.48.56:872][  0]LogUObjectHash: Compacting FUObjectHashTables data took   1.74ms
[2020.02.02-05.48.57:160][  0]LogAIModule: Creating AISystem for world StartupMap
[2020.02.02-05.48.57:169][  0]LogEditorServer: Finished looking for orphan Actors (0.000 secs)
[2020.02.02-05.48.57:194][  0]LogUObjectHash: Compacting FUObjectHashTables data took   1.42ms
[2020.02.02-05.48.57:194][  0]Cmd: MAP CHECKDEP NOCLEARLOG
[2020.02.02-05.48.57:195][  0]MapCheck: Map check complete: 0 Error(s), 0 Warning(s), took 0.14ms to complete.
[2020.02.02-05.48.57:195][  0]LogFileHelpers: Loading map 'StartupMap' took 0.356
[2020.02.02-05.48.57:323][  0]LogSlate: Updating window title bar state: overlay mode, drag disabled, window buttons hidden, title bar hidden
[2020.02.02-05.48.57:330][  0]LogSlate: Updating window title bar state: overlay mode, drag disabled, window buttons hidden, title bar hidden
[2020.02.02-05.48.57:337][  0]LogSlate: Updating window title bar state: overlay mode, drag disabled, window buttons hidden, title bar hidden
[2020.02.02-05.48.57:344][  0]LogSlate: Updating window title bar state: overlay mode, drag disabled, window buttons hidden, title bar hidden
[2020.02.02-05.48.57:354][  0]LogCollectionManager: Loaded 0 collections in 0.001786 seconds
[2020.02.02-05.48.57:359][  0]LogFileCache: Scanning file cache for directory 'C:/Users/usman.baig/Documents/GitHub/GameJam2020/GameJam2020/Saved/Collections/' took 0.00s
[2020.02.02-05.48.57:359][  0]LogFileCache: Scanning file cache for directory 'C:/Users/usman.baig/Documents/GitHub/GameJam2020/GameJam2020/Content/Developers/usmanbaig/Collections/' took 0.00s
[2020.02.02-05.48.57:359][  0]LogFileCache: Scanning file cache for directory 'C:/Users/usman.baig/Documents/GitHub/GameJam2020/GameJam2020/Content/Collections/' took 0.00s
[2020.02.02-05.48.57:359][  0]LogCollectionManager: Rebuilt the GUID cache for 0 collections in 0.000001 seconds
[2020.02.02-05.48.57:367][  0]LogContentBrowser: Native class hierarchy populated in 0.0078 seconds. Added 2876 classes and 686 folders.
[2020.02.02-05.48.57:373][  0]LogContentBrowser: Native class hierarchy updated for 'WidgetCarousel' in 0.0002 seconds. Added 0 classes and 0 folders.
[2020.02.02-05.48.57:597][  0]LogContentBrowser: Native class hierarchy updated for 'AddContentDialog' in 0.0002 seconds. Added 0 classes and 0 folders.
[2020.02.02-05.48.57:602][  0]LogContentBrowser: Native class hierarchy updated for 'SceneOutliner' in 0.0002 seconds. Added 1 classes and 2 folders.
[2020.02.02-05.48.57:620][  0]LogSlate: Took 0.005891 seconds to synchronously load lazily loaded font '../../../Engine/Content/Slate/Fonts/Roboto-Regular.ttf' (155K)
[2020.02.02-05.48.57:625][  0]LogSlate: Took 0.004010 seconds to synchronously load lazily loaded font '../../../Engine/Content/Slate/Fonts/Roboto-Bold.ttf' (160K)
[2020.02.02-05.48.57:633][  0]LogSlate: Took 0.004219 seconds to synchronously load lazily loaded font '../../../Engine/Content/Editor/Slate/Fonts/FontAwesome.ttf' (139K)
[2020.02.02-05.48.57:724][  0]LogRenderer: Reallocating scene render targets to support 1208x620 Format 26 NumSamples 1 (Frame:1).
[2020.02.02-05.48.57:811][  0]LogContentBrowser: Native class hierarchy updated for 'HierarchicalLODOutliner' in 0.0002 seconds. Added 0 classes and 0 folders.
[2020.02.02-05.48.57:811][  0]LogLoad: (Engine Initialization) Total time: 13.59 seconds
[2020.02.02-05.48.57:811][  0]LogLoad: (Engine Initialization) Total Blueprint compile time: 0.00 seconds
[2020.02.02-05.48.57:871][  0]LogContentStreaming: Texture pool size now 1000 MB
[2020.02.02-05.48.58:503][ 12]LogAssetRegistry: Asset discovery search completed in 7.8783 seconds
[2020.02.02-05.48.58:506][ 12]LogCollectionManager: Rebuilt the object cache for 0 collections in 0.000004 seconds (found 0 objects)
[2020.02.02-05.48.58:506][ 12]LogCollectionManager: Fixed up redirectors for 0 collections in 0.000056 seconds (updated 0 objects)
[2020.02.02-05.48.58:849][ 49]LogSlate: Took 0.004378 seconds to synchronously load lazily loaded font '../../../Engine/Content/Slate/Fonts/Roboto-Light.ttf' (167K)
[2020.02.02-05.49.02:257][455]LogSlate: Took 0.000141 seconds to synchronously load lazily loaded font '../../../Engine/Content/Slate/Fonts/Roboto-Light.ttf' (167K)
[2020.02.02-05.49.09:342][280]LogSlate: FSceneViewport::OnFocusLost() reason 0
[2020.02.02-05.54.57:830][ 91]LogEditorSessionSummary: EditorSessionSummary sent report. Type=Shutdown, SessionId={2BF66411-49AC-7AF9-BA22-A5A3C8DDA8F9}
[2020.02.02-05.58.02:372][228]LogAssetEditorManager: Opening Asset editor for MapBuildDataRegistry /Game/Procedural/Room02_BuiltData.Room02_BuiltData
[2020.02.02-05.58.05:717][624]LogSlate: Window 'Room02_BuiltData' being destroyed
[2020.02.02-05.58.05:720][624]LogSlate: Window 'Room02_BuiltData' being destroyed
[2020.02.02-05.58.08:932][  3]LogSlate: FSceneViewport::OnFocusLost() reason 0
[2020.02.02-05.58.09:062][ 18]LogAssetEditorManager: Opening Asset editor for MapBuildDataRegistry /Game/Procedural/Room02_BuiltData.Room02_BuiltData
[2020.02.02-05.58.10:915][237]LogSlate: Window 'Room02_BuiltData' being destroyed
[2020.02.02-05.58.10:919][237]LogSlate: Window 'Room02_BuiltData' being destroyed
[2020.02.02-05.58.12:673][362]LogAIModule: Creating AISystem for world Room02
[2020.02.02-05.58.12:686][362]LogAssetEditorManager: Opening Asset editor for World /Game/Procedural/Room02.Room02
[2020.02.02-05.58.12:710][362]LogUObjectHash: Compacting FUObjectHashTables data took   1.50ms
[2020.02.02-05.58.12:711][362]Cmd: MAP LOAD FILE="../../../../../../Users/usman.baig/Documents/GitHub/GameJam2020/GameJam2020/Content/Procedural/Room02.umap" TEMPLATE=0 SHOWPROGRESS=1 FEATURELEVEL=3
[2020.02.02-05.58.12:712][362]LightingResults: New page: Lighting Build
[2020.02.02-05.58.12:712][362]LoadErrors: New page: Loading map: Room02.umap
[2020.02.02-05.58.12:712][362]LogWorld: UWorld::CleanupWorld for StartupMap, bSessionEnded=true, bCleanupResources=true
[2020.02.02-05.58.12:713][362]MapCheck: New page: Map Check
[2020.02.02-05.58.12:713][362]LightingResults: New page: Lighting Build
[2020.02.02-05.58.12:739][362]LogUObjectHash: Compacting FUObjectHashTables data took   1.84ms
[2020.02.02-05.58.12:739][362]LogPhysics: Warning: PopulatePhysXGeometryAndTransform(Convex): ConvexElem has invalid transform
[2020.02.02-05.58.12:739][362]LogPhysics: Warning: ForeachShape(Convex): ScaledElem[0] invalid
[2020.02.02-05.58.12:740][362]LogPhysics: Warning: PopulatePhysXGeometryAndTransform(Convex): ConvexElem has invalid transform
[2020.02.02-05.58.12:740][362]LogPhysics: Warning: ForeachShape(Convex): ScaledElem[0] invalid
[2020.02.02-05.58.12:743][362]LogEditorServer: Finished looking for orphan Actors (0.000 secs)
[2020.02.02-05.58.12:771][362]LogUObjectHash: Compacting FUObjectHashTables data took   1.42ms
[2020.02.02-05.58.12:805][362]Cmd: MAP CHECKDEP NOCLEARLOG
[2020.02.02-05.58.12:805][362]MapCheck: Map check complete: 0 Error(s), 0 Warning(s), took 0.126ms to complete.
[2020.02.02-05.58.12:805][362]LogFileHelpers: Loading map 'Room02' took 0.095
[2020.02.02-05.58.27:406][101]LogSlate: FSceneViewport::OnFocusLost() reason 0
[2020.02.02-05.58.28:497][117]LogAIModule: Creating AISystem for world Room04
[2020.02.02-05.58.28:506][117]LogAssetEditorManager: Opening Asset editor for World /Game/Procedural/Room04.Room04
[2020.02.02-05.58.28:531][117]LogUObjectHash: Compacting FUObjectHashTables data took   1.53ms
[2020.02.02-05.58.28:532][117]Cmd: MAP LOAD FILE="../../../../../../Users/usman.baig/Documents/GitHub/GameJam2020/GameJam2020/Content/Procedural/Room04.umap" TEMPLATE=0 SHOWPROGRESS=1 FEATURELEVEL=3
[2020.02.02-05.58.28:532][117]LightingResults: New page: Lighting Build
[2020.02.02-05.58.28:532][117]LoadErrors: New page: Loading map: Room04.umap
[2020.02.02-05.58.28:533][117]LogWorld: UWorld::CleanupWorld for Room02, bSessionEnded=true, bCleanupResources=true
[2020.02.02-05.58.28:533][117]MapCheck: New page: Map Check
[2020.02.02-05.58.28:533][117]LightingResults: New page: Lighting Build
[2020.02.02-05.58.28:560][117]LogUObjectHash: Compacting FUObjectHashTables data took   2.03ms
[2020.02.02-05.58.28:561][117]LogPhysics: Warning: PopulatePhysXGeometryAndTransform(Convex): ConvexElem has invalid transform
[2020.02.02-05.58.28:561][117]LogPhysics: Warning: ForeachShape(Convex): ScaledElem[0] invalid
[2020.02.02-05.58.28:562][117]LogPhysics: Warning: PopulatePhysXGeometryAndTransform(Convex): ConvexElem has invalid transform
[2020.02.02-05.58.28:562][117]LogPhysics: Warning: ForeachShape(Convex): ScaledElem[0] invalid
[2020.02.02-05.58.28:565][117]LogEditorServer: Finished looking for orphan Actors (0.000 secs)
[2020.02.02-05.58.28:593][117]LogUObjectHash: Compacting FUObjectHashTables data took   1.42ms
[2020.02.02-05.58.28:627][117]Cmd: MAP CHECKDEP NOCLEARLOG
[2020.02.02-05.58.28:627][117]MapCheck: Map check complete: 0 Error(s), 0 Warning(s), took 0.123ms to complete.
[2020.02.02-05.58.28:627][117]LogFileHelpers: Loading map 'Room04' took 0.097
[2020.02.02-05.58.35:615][941]LogSlate: FSceneViewport::OnFocusLost() reason 0
[2020.02.02-05.58.36:190][956]LogAIModule: Creating AISystem for world Room05
[2020.02.02-05.58.36:201][956]LogAssetEditorManager: Opening Asset editor for World /Game/Procedural/Room05.Room05
[2020.02.02-05.58.36:226][956]LogUObjectHash: Compacting FUObjectHashTables data took   1.44ms
[2020.02.02-05.58.36:227][956]Cmd: MAP LOAD FILE="../../../../../../Users/usman.baig/Documents/GitHub/GameJam2020/GameJam2020/Content/Procedural/Room05.umap" TEMPLATE=0 SHOWPROGRESS=1 FEATURELEVEL=3
[2020.02.02-05.58.36:227][956]LightingResults: New page: Lighting Build
[2020.02.02-05.58.36:228][956]LoadErrors: New page: Loading map: Room05.umap
[2020.02.02-05.58.36:229][956]LogWorld: UWorld::CleanupWorld for Room04, bSessionEnded=true, bCleanupResources=true
[2020.02.02-05.58.36:229][956]MapCheck: New page: Map Check
[2020.02.02-05.58.36:229][956]LightingResults: New page: Lighting Build
[2020.02.02-05.58.36:257][956]LogUObjectHash: Compacting FUObjectHashTables data took   2.02ms
[2020.02.02-05.58.36:258][956]LogPhysics: Warning: PopulatePhysXGeometryAndTransform(Convex): ConvexElem has invalid transform
[2020.02.02-05.58.36:258][956]LogPhysics: Warning: ForeachShape(Convex): ScaledElem[0] invalid
[2020.02.02-05.58.36:259][956]LogPhysics: Warning: PopulatePhysXGeometryAndTransform(Convex): ConvexElem has invalid transform
[2020.02.02-05.58.36:259][956]LogPhysics: Warning: ForeachShape(Convex): ScaledElem[0] invalid
[2020.02.02-05.58.36:261][956]LogEditorServer: Finished looking for orphan Actors (0.000 secs)
[2020.02.02-05.58.36:289][956]LogUObjectHash: Compacting FUObjectHashTables data took   1.42ms
[2020.02.02-05.58.36:329][956]Cmd: MAP CHECKDEP NOCLEARLOG
[2020.02.02-05.58.36:329][956]MapCheck: Map check complete: 0 Error(s), 0 Warning(s), took 0.123ms to complete.
[2020.02.02-05.58.36:329][956]LogFileHelpers: Loading map 'Room05' took 0.103
[2020.02.02-05.58.55:844][257]LogSlate: FSceneViewport::OnFocusLost() reason 0
[2020.02.02-05.58.56:551][339]LogAIModule: Creating AISystem for world Room02
[2020.02.02-05.58.56:558][339]LogAssetEditorManager: Opening Asset editor for World /Game/Procedural/Room02.Room02
[2020.02.02-05.58.56:582][339]LogUObjectHash: Compacting FUObjectHashTables data took   1.49ms
[2020.02.02-05.58.56:583][339]Cmd: MAP LOAD FILE="../../../../../../Users/usman.baig/Documents/GitHub/GameJam2020/GameJam2020/Content/Procedural/Room02.umap" TEMPLATE=0 SHOWPROGRESS=1 FEATURELEVEL=3
[2020.02.02-05.58.56:583][339]LightingResults: New page: Lighting Build
[2020.02.02-05.58.56:583][339]LoadErrors: New page: Loading map: Room02.umap
[2020.02.02-05.58.56:584][339]LogWorld: UWorld::CleanupWorld for Room05, bSessionEnded=true, bCleanupResources=true
[2020.02.02-05.58.56:584][339]MapCheck: New page: Map Check
[2020.02.02-05.58.56:585][339]LightingResults: New page: Lighting Build
[2020.02.02-05.58.56:611][339]LogUObjectHash: Compacting FUObjectHashTables data took   2.03ms
[2020.02.02-05.58.56:612][339]LogPhysics: Warning: PopulatePhysXGeometryAndTransform(Convex): ConvexElem has invalid transform
[2020.02.02-05.58.56:612][339]LogPhysics: Warning: ForeachShape(Convex): ScaledElem[0] invalid
[2020.02.02-05.58.56:612][339]LogPhysics: Warning: PopulatePhysXGeometryAndTransform(Convex): ConvexElem has invalid transform
[2020.02.02-05.58.56:612][339]LogPhysics: Warning: ForeachShape(Convex): ScaledElem[0] invalid
[2020.02.02-05.58.56:615][339]LogEditorServer: Finished looking for orphan Actors (0.000 secs)
[2020.02.02-05.58.56:644][339]LogUObjectHash: Compacting FUObjectHashTables data took   1.42ms
[2020.02.02-05.58.56:679][339]Cmd: MAP CHECKDEP NOCLEARLOG
[2020.02.02-05.58.56:679][339]MapCheck: Map check complete: 0 Error(s), 0 Warning(s), took 0.128ms to complete.
[2020.02.02-05.58.56:679][339]LogFileHelpers: Loading map 'Room02' took 0.097
[2020.02.02-05.59.01:445][891]LogEditorViewport: Clicking on Actor (LMB): StaticMeshActor (SM_Light_Square7)
[2020.02.02-05.59.05:016][311]LogEditorViewport: Clicking on Actor (LMB): StaticMeshActor (SM_Light_Square7)
[2020.02.02-05.59.05:498][367]LogEditorViewport: Clicking on Actor (LMB): StaticMeshActor (SM_Light_Square7)
[2020.02.02-05.59.14:146][378]LogEditorViewport: Clicking Background
[2020.02.02-05.59.30:281][298]LogSlate: FSceneViewport::OnFocusLost() reason 0
[2020.02.02-06.00.08:304][843]LogEditorViewport: Clicking on Actor (LMB): SphereReflectionCapture (SphereReflectionCapture)
[2020.02.02-06.00.12:037][267]LogEditorViewport: Clicking Background
[2020.02.02-06.08.56:375][174]LogSlate: FSceneViewport::OnFocusLost() reason 5
[2020.02.02-06.08.56:424][174]LogUObjectHash: Compacting FUObjectHashTables data took   0.82ms
[2020.02.02-06.08.56:568][174]LogSavePackage: Moving '../../../../../../Users/usman.baig/Documents/GitHub/GameJam2020/GameJam2020/Saved/Room02_Auto103796B444CCF02938EF834B852ED17AD.tmp' to '../../../../../../Users/usman.baig/Documents/GitHub/GameJam2020/GameJam2020/Saved/Autosaves/Game/Procedural/Room02_Auto1.umap'
[2020.02.02-06.08.56:574][174]LogFileHelpers: Editor autosave (incl. sublevels) for '/Game/Procedural/Room02' took 0.175
[2020.02.02-06.08.56:574][174]LogFileHelpers: Editor autosave (incl. sublevels) for all levels took 0.175
[2020.02.02-06.31.35:650][253]LogSlate: FSceneViewport::OnFocusLost() reason 0
[2020.02.02-06.31.35:787][264]LogUObjectHash: Compacting FUObjectHashTables data took   2.17ms
[2020.02.02-06.31.35:934][264]LogSavePackage: Moving '../../../../../../Users/usman.baig/Documents/GitHub/GameJam2020/GameJam2020/Saved/Room029EF4F27C4577E3D21D241BABC03A7D42.tmp' to '../../../../../../Users/usman.baig/Documents/GitHub/GameJam2020/GameJam2020/Content/Procedural/Room02.umap'
[2020.02.02-06.31.35:982][264]Cmd: OBJ SAVEPACKAGE PACKAGE="/Game/Procedural/Room02_BuiltData" FILE="../../../../../../Users/usman.baig/Documents/GitHub/GameJam2020/GameJam2020/Content/Procedural/Room02_BuiltData.uasset" SILENT=true
[2020.02.02-06.31.36:038][264]LogSavePackage: Moving '../../../../../../Users/usman.baig/Documents/GitHub/GameJam2020/GameJam2020/Saved/Room02_BuiltDataCECB691C413C115F307ECAB9C345D44A.tmp' to '../../../../../../Users/usman.baig/Documents/GitHub/GameJam2020/GameJam2020/Content/Procedural/Room02_BuiltData.uasset'
